This file contains any messages produced by compilers while
running configure, to aid debugging if configure makes a mistake.

It was created by configure, which was
generated by GNU Autoconf 2.69.  Invocation command line was

  $ ./configure 

## --------- ##
## Platform. ##
## --------- ##

hostname = raspberrypi
uname -m = armv7l
uname -r = 5.4.51-v7l+
uname -s = Linux
uname -v = #1333 SMP Mon Aug 10 16:51:40 BST 2020

/usr/bin/uname -p = unknown
/bin/uname -X     = unknown

/bin/arch              = unknown
/usr/bin/arch -k       = unknown
/usr/convex/getsysinfo = unknown
/usr/bin/hostinfo      = unknown
/bin/machine           = unknown
/usr/bin/oslevel       = unknown
/bin/universe          = unknown

PATH: /usr/local/sbin
PATH: /usr/local/bin
PATH: /usr/sbin
PATH: /usr/bin
PATH: /sbin
PATH: /bin
PATH: /usr/local/games
PATH: /usr/games


## ----------- ##
## Core tests. ##
## ----------- ##

configure:2442: checking build system type
configure:2456: result: armv7l-unknown-linux-gnueabihf
configure:2476: checking host system type
configure:2489: result: armv7l-unknown-linux-gnueabihf
configure:2560: checking for gcc
configure:2576: found /usr/bin/gcc
configure:2587: result: gcc
configure:2816: checking for C compiler version
configure:2825: gcc --version >&5
gcc (Raspbian 8.3.0-6+rpi1) 8.3.0
Copyright (C) 2018 Free Software Foundation, Inc.
This is free software; see the source for copying conditions.  There is NO
warranty; not even for MERCHANTABILITY or FITNESS FOR A PARTICULAR PURPOSE.

configure:2836: $? = 0
configure:2825: gcc -v >&5
Using built-in specs.
COLLECT_GCC=gcc
COLLECT_LTO_WRAPPER=/usr/lib/gcc/arm-linux-gnueabihf/8/lto-wrapper
Target: arm-linux-gnueabihf
Configured with: ../src/configure -v --with-pkgversion='Raspbian 8.3.0-6+rpi1' --with-bugurl=file:///usr/share/doc/gcc-8/README.Bugs --enable-languages=c,ada,c++,go,d,fortran,objc,obj-c++ --prefix=/usr --with-gcc-major-version-only --program-suffix=-8 --program-prefix=arm-linux-gnueabihf- --enable-shared --enable-linker-build-id --libexecdir=/usr/lib --without-included-gettext --enable-threads=posix --libdir=/usr/lib --enable-nls --enable-bootstrap --enable-clocale=gnu --enable-libstdcxx-debug --enable-libstdcxx-time=yes --with-default-libstdcxx-abi=new --enable-gnu-unique-object --disable-libitm --disable-libquadmath --disable-libquadmath-support --enable-plugin --with-system-zlib --with-target-system-zlib --enable-objc-gc=auto --enable-multiarch --disable-sjlj-exceptions --with-arch=armv6 --with-fpu=vfp --with-float=hard --disable-werror --enable-checking=release --build=arm-linux-gnueabihf --host=arm-linux-gnueabihf --target=arm-linux-gnueabihf
Thread model: posix
gcc version 8.3.0 (Raspbian 8.3.0-6+rpi1) 
configure:2836: $? = 0
configure:2825: gcc -V >&5
gcc: error: unrecognized command line option '-V'
gcc: fatal error: no input files
compilation terminated.
configure:2836: $? = 1
configure:2825: gcc -qversion >&5
gcc: error: unrecognized command line option '-qversion'; did you mean '--version'?
gcc: fatal error: no input files
compilation terminated.
configure:2836: $? = 1
configure:2856: checking whether the C compiler works
configure:2878: gcc    conftest.c  >&5
configure:2882: $? = 0
configure:2930: result: yes
configure:2933: checking for C compiler default output file name
configure:2935: result: a.out
configure:2941: checking for suffix of executables
configure:2948: gcc -o conftest    conftest.c  >&5
configure:2952: $? = 0
configure:2974: result: 
configure:2996: checking whether we are cross compiling
configure:3004: gcc -o conftest    conftest.c  >&5
configure:3008: $? = 0
configure:3015: ./conftest
configure:3019: $? = 0
configure:3007: result: no
configure:3012: checking for suffix of object files
configure:3034: gcc -c   conftest.c >&5
configure:3038: $? = 0
configure:3059: result: o
configure:3063: checking whether we are using the GNU C compiler
configure:3082: gcc -c   conftest.c >&5
configure:3082: $? = 0
configure:3091: result: yes
configure:3100: checking whether gcc accepts -g
configure:3120: gcc -c -g  conftest.c >&5
configure:3120: $? = 0
configure:3161: result: yes
configure:3178: checking for gcc option to accept ISO C89
configure:3241: gcc  -c -g -O2  conftest.c >&5
configure:3241: $? = 0
configure:3254: result: none needed
configure:3279: checking whether gcc understands -c and -o together
configure:3301: gcc -c conftest.c -o conftest2.o
configure:3304: $? = 0
configure:3301: gcc -c conftest.c -o conftest2.o
configure:3304: $? = 0
configure:3316: result: yes
configure:3333: checking for a sed that does not truncate output
configure:3397: result: /bin/sed
configure:3415: checking for grep that handles long lines and -e
configure:3473: result: /bin/grep
configure:3478: checking for egrep
configure:3540: result: /bin/grep -E
configure:3545: checking for fgrep
configure:3607: result: /bin/grep -F
configure:3642: checking for ld used by gcc
configure:3709: result: /usr/bin/ld
configure:3716: checking if the linker (/usr/bin/ld) is GNU ld
configure:3731: result: yes
configure:3743: checking for BSD- or MS-compatible name lister (nm)
configure:3792: result: /usr/bin/nm -B
configure:3910: checking the name lister (/usr/bin/nm -B) interface
configure:3948: gcc -c -g -O2  conftest.c >&5
configure:3951: /usr/bin/nm -B "conftest.o"
configure:3954: output
00000000 B some_variable
configure:3924: result: BSD nm
configure:3927: checking whether ln -s works
configure:3931: result: yes
configure:3939: checking the maximum length of command line arguments
configure:4065: result: 1572864
configure:4082: checking whether the shell understands some XSI constructs
configure:4091: result: yes
configure:4095: checking whether the shell understands "+="
configure:4099: result: yes
configure:4134: checking for /usr/bin/ld option to reload object files
configure:4141: result: -r
configure:4210: checking for objdump
configure:4226: found /usr/bin/objdump
configure:4237: result: objdump
configure:4266: checking how to recognize dependent libraries
configure:4464: result: pass_all
configure:4524: checking for ar
configure:4540: found /usr/bin/ar
configure:4551: result: ar
configure:4629: checking for strip
configure:4645: found /usr/bin/strip
configure:4656: result: strip
configure:4728: checking for ranlib
configure:4744: found /usr/bin/ranlib
configure:4755: result: ranlib
configure:4845: checking command to parse /usr/bin/nm -B output from gcc object
configure:4963: gcc -c -g -O2  conftest.c >&5
configure:4966: $? = 0
configure:4970: /usr/bin/nm -B conftest.o \| sed -n -e 's/^.*[	 ]\([ABCDGIRSTW][ABCDGIRSTW]*\)[	 ][	 ]*\([_A-Za-z][_A-Za-z0-9]*\)$/\1 \2 \2/p' \> conftest.nm
configure:4973: $? = 0
configure:5027: gcc -o conftest -g -O2   conftest.c conftstm.o >&5
configure:5030: $? = 0
configure:5068: result: ok
configure:5877: checking how to run the C preprocessor
configure:5908: gcc -E  conftest.c
configure:5908: $? = 0
configure:5922: gcc -E  conftest.c
conftest.c:9:10: fatal error: ac_nonexistent.h: No such file or directory
 #include <ac_nonexistent.h>
          ^~~~~~~~~~~~~~~~~~
compilation terminated.
configure:5922: $? = 1
configure: failed program was:
| /* confdefs.h */
| #define PACKAGE_NAME ""
| #define PACKAGE_TARNAME ""
| #define PACKAGE_VERSION ""
| #define PACKAGE_STRING ""
| #define PACKAGE_BUGREPORT ""
| #define PACKAGE_URL ""
| /* end confdefs.h.  */
| #include <ac_nonexistent.h>
configure:5947: result: gcc -E
configure:5967: gcc -E  conftest.c
configure:5967: $? = 0
configure:5981: gcc -E  conftest.c
conftest.c:9:10: fatal error: ac_nonexistent.h: No such file or directory
 #include <ac_nonexistent.h>
          ^~~~~~~~~~~~~~~~~~
compilation terminated.
configure:5981: $? = 1
configure: failed program was:
| /* confdefs.h */
| #define PACKAGE_NAME ""
| #define PACKAGE_TARNAME ""
| #define PACKAGE_VERSION ""
| #define PACKAGE_STRING ""
| #define PACKAGE_BUGREPORT ""
| #define PACKAGE_URL ""
| /* end confdefs.h.  */
| #include <ac_nonexistent.h>
configure:6010: checking for ANSI C header files
configure:6030: gcc -c -g -O2  conftest.c >&5
configure:6030: $? = 0
configure:6103: gcc -o conftest -g -O2   conftest.c  >&5
configure:6103: $? = 0
configure:6103: ./conftest
configure:6103: $? = 0
configure:6114: result: yes
configure:6127: checking for sys/types.h
configure:6127: gcc -c -g -O2  conftest.c >&5
configure:6127: $? = 0
configure:6127: result: yes
configure:6127: checking for sys/stat.h
configure:6127: gcc -c -g -O2  conftest.c >&5
configure:6127: $? = 0
configure:6127: result: yes
configure:6127: checking for stdlib.h
configure:6127: gcc -c -g -O2  conftest.c >&5
configure:6127: $? = 0
configure:6127: result: yes
configure:6127: checking for string.h
configure:6127: gcc -c -g -O2  conftest.c >&5
configure:6127: $? = 0
configure:6127: result: yes
configure:6127: checking for memory.h
configure:6127: gcc -c -g -O2  conftest.c >&5
configure:6127: $? = 0
configure:6127: result: yes
configure:6127: checking for strings.h
configure:6127: gcc -c -g -O2  conftest.c >&5
configure:6127: $? = 0
configure:6127: result: yes
configure:6127: checking for inttypes.h
configure:6127: gcc -c -g -O2  conftest.c >&5
configure:6127: $? = 0
configure:6127: result: yes
configure:6127: checking for stdint.h
configure:6127: gcc -c -g -O2  conftest.c >&5
configure:6127: $? = 0
configure:6127: result: yes
configure:6127: checking for unistd.h
configure:6127: gcc -c -g -O2  conftest.c >&5
configure:6127: $? = 0
configure:6127: result: yes
configure:6141: checking for dlfcn.h
configure:6141: gcc -c -g -O2  conftest.c >&5
configure:6141: $? = 0
configure:6141: result: yes
configure:6623: checking for objdir
configure:6638: result: .libs
configure:6934: checking if gcc supports -fno-rtti -fno-exceptions
configure:6992: gcc -c -g -O2  -fno-rtti -fno-exceptions conftest.c >&5
cc1: warning: command line option '-fno-rtti' is valid for C++/ObjC++ but not for C
configure:6996: $? = 0
configure:6969: result: no
configure:6989: checking for gcc option to produce PIC
configure:7261: result: -fPIC -DPIC
configure:7273: checking if gcc PIC flag -fPIC -DPIC works
configure:7331: gcc -c -g -O2  -fPIC -DPIC -DPIC conftest.c >&5
configure:7335: $? = 0
configure:7308: result: yes
configure:7332: checking if gcc static flag -static works
configure:7360: result: yes
configure:7375: checking if gcc supports -c -o file.o
configure:7436: gcc -c -g -O2  -o out/conftest2.o conftest.c >&5
configure:7440: $? = 0
configure:7422: result: yes
configure:7430: checking if gcc supports -c -o file.o
configure:7477: result: yes
configure:7510: checking whether the gcc linker (/usr/bin/ld) supports shared libraries
configure:8496: result: yes
configure:8533: checking whether -lc should be explicitly linked in
configure:8538: gcc -c -g -O2  conftest.c >&5
configure:8541: $? = 0
configure:8556: gcc -shared conftest.o  -v -Wl,-soname -Wl,conftest -o conftest 2\>\&1 \| /bin/grep  -lc  \>/dev/null 2\>\&1
configure:8559: $? = 0
configure:8571: result: no
configure:8735: checking dynamic linker characteristics
configure:9170: gcc -o conftest -g -O2   -Wl,-rpath -Wl,/foo conftest.c  >&5
configure:9170: $? = 0
configure:9388: result: GNU/Linux ld.so
configure:9490: checking how to hardcode library paths into programs
configure:9515: result: immediate
configure:10035: checking whether stripping libraries is possible
configure:10040: result: yes
configure:10075: checking if libtool supports shared libraries
configure:10077: result: yes
configure:10080: checking whether to build shared libraries
configure:10101: result: yes
configure:10104: checking whether to build static libraries
configure:10108: result: yes
configure:7455: checking for a BSD-compatible install
configure:7523: result: /usr/bin/install -c
configure:7534: checking whether build environment is sane
configure:7589: result: yes
configure:7735: checking for a thread-safe mkdir -p
configure:7774: result: /bin/mkdir -p
configure:7781: checking for gawk
configure:7811: result: no
configure:7781: checking for mawk
configure:7797: found /usr/bin/mawk
configure:7808: result: mawk
configure:7819: checking whether make sets $(MAKE)
configure:7841: result: yes
configure:7863: checking whether make supports the include directive
configure:7878: make -f confmf.GNU && cat confinc.out
this is the am__doit target
configure:7881: $? = 0
configure:7900: result: yes (GNU style)
configure:7933: checking whether make supports nested variables
configure:7950: result: yes
configure:8036: checking dependency style of gcc
configure:8147: result: gcc3
configure:8255: checking for gcc
configure:8282: result: gcc
configure:8511: checking for C compiler version
configure:8520: gcc --version >&5
gcc (Raspbian 8.3.0-6+rpi1) 8.3.0
Copyright (C) 2018 Free Software Foundation, Inc.
This is free software; see the source for copying conditions.  There is NO
warranty; not even for MERCHANTABILITY or FITNESS FOR A PARTICULAR PURPOSE.

configure:8531: $? = 0
configure:8520: gcc -v >&5
Using built-in specs.
COLLECT_GCC=gcc
COLLECT_LTO_WRAPPER=/usr/lib/gcc/arm-linux-gnueabihf/8/lto-wrapper
Target: arm-linux-gnueabihf
Configured with: ../src/configure -v --with-pkgversion='Raspbian 8.3.0-6+rpi1' --with-bugurl=file:///usr/share/doc/gcc-8/README.Bugs --enable-languages=c,ada,c++,go,d,fortran,objc,obj-c++ --prefix=/usr --with-gcc-major-version-only --program-suffix=-8 --program-prefix=arm-linux-gnueabihf- --enable-shared --enable-linker-build-id --libexecdir=/usr/lib --without-included-gettext --enable-threads=posix --libdir=/usr/lib --enable-nls --enable-bootstrap --enable-clocale=gnu --enable-libstdcxx-debug --enable-libstdcxx-time=yes --with-default-libstdcxx-abi=new --enable-gnu-unique-object --disable-libitm --disable-libquadmath --disable-libquadmath-support --enable-plugin --with-system-zlib --with-target-system-zlib --enable-objc-gc=auto --enable-multiarch --disable-sjlj-exceptions --with-arch=armv6 --with-fpu=vfp --with-float=hard --disable-werror --enable-checking=release --build=arm-linux-gnueabihf --host=arm-linux-gnueabihf --target=arm-linux-gnueabihf
Thread model: posix
gcc version 8.3.0 (Raspbian 8.3.0-6+rpi1) 
configure:8531: $? = 0
configure:8520: gcc -V >&5
gcc: error: unrecognized command line option '-V'
gcc: fatal error: no input files
compilation terminated.
configure:8531: $? = 1
configure:8520: gcc -qversion >&5
gcc: error: unrecognized command line option '-qversion'; did you mean '--version'?
gcc: fatal error: no input files
compilation terminated.
configure:8531: $? = 1
configure:8535: checking whether we are using the GNU C compiler
configure:8563: result: yes
configure:8572: checking whether gcc accepts -g
configure:8633: result: yes
configure:8650: checking for gcc option to accept ISO C89
configure:8726: result: none needed
configure:8751: checking whether gcc understands -c and -o together
configure:8788: result: yes
configure:8806: checking whether make sets $(MAKE)
configure:8828: result: yes
configure:8846: checking for windres
configure:8876: result: no
configure:8846: checking for linux-gnueabihf-windres
configure:8876: result: no
configure:8889: checking for size_t
configure:8889: gcc -c -g -O2  conftest.c >&5
configure:8889: $? = 0
configure:8889: gcc -c -g -O2  conftest.c >&5
conftest.c: In function 'main':
conftest.c:59:21: error: expected expression before ')' token
 if (sizeof ((size_t)))
                     ^
configure:8889: $? = 1
configure: failed program was:
| /* confdefs.h */
| #define PACKAGE_NAME ""
| #define PACKAGE_TARNAME ""
| #define PACKAGE_VERSION ""
| #define PACKAGE_STRING ""
| #define PACKAGE_BUGREPORT ""
| #define PACKAGE_URL ""
| #define STDC_HEADERS 1
| #define HAVE_SYS_TYPES_H 1
| #define HAVE_SYS_STAT_H 1
| #define HAVE_STDLIB_H 1
| #define HAVE_STRING_H 1
| #define HAVE_MEMORY_H 1
| #define HAVE_STRINGS_H 1
| #define HAVE_INTTYPES_H 1
| #define HAVE_STDINT_H 1
| #define HAVE_UNISTD_H 1
| #define HAVE_DLFCN_H 1
| #define LT_OBJDIR ".libs/"
| #define PACKAGE "SDL2_ttf"
| #define VERSION "2.0.14"
| /* end confdefs.h.  */
| #include <stdio.h>
| #ifdef HAVE_SYS_TYPES_H
| # include <sys/types.h>
| #endif
| #ifdef HAVE_SYS_STAT_H
| # include <sys/stat.h>
| #endif
| #ifdef STDC_HEADERS
| # include <stdlib.h>
| # include <stddef.h>
| #else
| # ifdef HAVE_STDLIB_H
| #  include <stdlib.h>
| # endif
| #endif
| #ifdef HAVE_STRING_H
| # if !defined STDC_HEADERS && defined HAVE_MEMORY_H
| #  include <memory.h>
| # endif
| # include <string.h>
| #endif
| #ifdef HAVE_STRINGS_H
| # include <strings.h>
| #endif
| #ifdef HAVE_INTTYPES_H
| # include <inttypes.h>
| #endif
| #ifdef HAVE_STDINT_H
| # include <stdint.h>
| #endif
| #ifdef HAVE_UNISTD_H
| # include <unistd.h>
| #endif
| int
| main ()
| {
| if (sizeof ((size_t)))
| 	    return 0;
|   ;
|   return 0;
| }
configure:8889: result: yes
configure:8902: checking for working alloca.h
configure:8919: gcc -o conftest -g -O2   conftest.c  >&5
configure:8919: $? = 0
configure:8927: result: yes
configure:8935: checking for alloca
configure:8972: gcc -o conftest -g -O2   conftest.c  >&5
configure:8972: $? = 0
configure:8980: result: yes
configure:9149: checking for freetype-config
configure:9180: result: no
configure:9190: error: 
*** Unable to find FreeType2 library (http://www.freetype.org/)


## ---------------- ##
## Cache variables. ##
## ---------------- ##

ac_cv_build=armv7l-unknown-linux-gnueabihf
ac_cv_c_compiler_gnu=yes
ac_cv_env_CC_set=
ac_cv_env_CC_value=
ac_cv_env_CFLAGS_set=
ac_cv_env_CFLAGS_value=
ac_cv_env_CPPFLAGS_set=
ac_cv_env_CPPFLAGS_value=
ac_cv_env_CPP_set=
ac_cv_env_CPP_value=
ac_cv_env_LDFLAGS_set=
ac_cv_env_LDFLAGS_value=
ac_cv_env_LIBS_set=
ac_cv_env_LIBS_value=
ac_cv_env_PKG_CONFIG_set=
ac_cv_env_PKG_CONFIG_value=
ac_cv_env_SDL_CFLAGS_set=
ac_cv_env_SDL_CFLAGS_value=
ac_cv_env_SDL_LIBS_set=
ac_cv_env_SDL_LIBS_value=
ac_cv_env_XMKMF_set=
ac_cv_env_XMKMF_value=
ac_cv_env_build_alias_set=
ac_cv_env_build_alias_value=
ac_cv_env_host_alias_set=
ac_cv_env_host_alias_value=
ac_cv_env_target_alias_set=
ac_cv_env_target_alias_value=
ac_cv_func_alloca_works=yes
ac_cv_header_dlfcn_h=yes
ac_cv_header_inttypes_h=yes
ac_cv_header_memory_h=yes
ac_cv_header_stdc=yes
ac_cv_header_stdint_h=yes
ac_cv_header_stdlib_h=yes
ac_cv_header_string_h=yes
ac_cv_header_strings_h=yes
ac_cv_header_sys_stat_h=yes
ac_cv_header_sys_types_h=yes
ac_cv_header_unistd_h=yes
ac_cv_host=armv7l-unknown-linux-gnueabihf
ac_cv_objext=o
ac_cv_path_EGREP='/bin/grep -E'
ac_cv_path_FGREP='/bin/grep -F'
ac_cv_path_FREETYPE_CONFIG=no
ac_cv_path_GREP=/bin/grep
ac_cv_path_SED=/bin/sed
ac_cv_path_install='/usr/bin/install -c'
ac_cv_path_mkdir=/bin/mkdir
ac_cv_prog_AWK=mawk
ac_cv_prog_CPP='gcc -E'
ac_cv_prog_ac_ct_AR=ar
ac_cv_prog_ac_ct_CC=gcc
ac_cv_prog_ac_ct_OBJDUMP=objdump
ac_cv_prog_ac_ct_RANLIB=ranlib
ac_cv_prog_ac_ct_STRIP=strip
ac_cv_prog_cc_c89=
ac_cv_prog_cc_g=yes
ac_cv_prog_make_make_set=yes
ac_cv_type_size_t=yes
ac_cv_working_alloca_h=yes
am_cv_CC_dependencies_compiler_type=gcc3
am_cv_make_support_nested_variables=yes
am_cv_prog_cc_c_o=yes
lt_cv_deplibs_check_method=pass_all
lt_cv_file_magic_cmd='$MAGIC_CMD'
lt_cv_file_magic_test_file=
lt_cv_ld_reload_flag=-r
lt_cv_nm_interface='BSD nm'
lt_cv_objdir=.libs
lt_cv_path_LD=/usr/bin/ld
lt_cv_path_NM='/usr/bin/nm -B'
lt_cv_prog_compiler_c_o=yes
lt_cv_prog_compiler_pic_works=yes
lt_cv_prog_compiler_rtti_exceptions=no
lt_cv_prog_compiler_static_works=yes
lt_cv_prog_gnu_ld=yes
lt_cv_sys_global_symbol_pipe='sed -n -e '\''s/^.*[	 ]\([ABCDGIRSTW][ABCDGIRSTW]*\)[	 ][	 ]*\([_A-Za-z][_A-Za-z0-9]*\)$/\1 \2 \2/p'\'''
lt_cv_sys_global_symbol_to_c_name_address='sed -n -e '\''s/^: \([^ ]*\) $/  {\"\1\", (void *) 0},/p'\'' -e '\''s/^[ABCDGIRSTW]* \([^ ]*\) \([^ ]*\)$/  {"\2", (void *) \&\2},/p'\'''
lt_cv_sys_global_symbol_to_c_name_address_lib_prefix='sed -n -e '\''s/^: \([^ ]*\) $/  {\"\1\", (void *) 0},/p'\'' -e '\''s/^[ABCDGIRSTW]* \([^ ]*\) \(lib[^ ]*\)$/  {"\2", (void *) \&\2},/p'\'' -e '\''s/^[ABCDGIRSTW]* \([^ ]*\) \([^ ]*\)$/  {"lib\2", (void *) \&\2},/p'\'''
lt_cv_sys_global_symbol_to_cdecl='sed -n -e '\''s/^T .* \(.*\)$/extern int \1();/p'\'' -e '\''s/^[ABCDGIRSTW]* .* \(.*\)$/extern char \1;/p'\'''
lt_cv_sys_max_cmd_len=1572864

## ----------------- ##
## Output variables. ##
## ----------------- ##

ACLOCAL='${SHELL} /home/pi/SDL_gui/SDL2_ttf_HarfBuzz/missing aclocal-1.16'
ALLOCA=''
AMDEPBACKSLASH='\'
AMDEP_FALSE='#'
AMDEP_TRUE=''
AMTAR='$${TAR-tar}'
AM_BACKSLASH='\'
AM_DEFAULT_V='$(AM_DEFAULT_VERBOSITY)'
AM_DEFAULT_VERBOSITY='1'
AM_V='$(V)'
AR='ar'
AS='as'
AUTOCONF='${SHELL} /home/pi/SDL_gui/SDL2_ttf_HarfBuzz/missing autoconf'
AUTOHEADER='${SHELL} /home/pi/SDL_gui/SDL2_ttf_HarfBuzz/missing autoheader'
AUTOMAKE='${SHELL} /home/pi/SDL_gui/SDL2_ttf_HarfBuzz/missing automake-1.16'
AWK='mawk'
BINARY_AGE='14'
CC='gcc'
CCDEPMODE='depmode=gcc3'
CFLAGS='-g -O2'
CPP='gcc -E'
CPPFLAGS=''
CYGPATH_W='echo'
DEFS=''
DEPDIR='.deps'
DLLTOOL='dlltool'
DSYMUTIL=''
DUMPBIN=''
ECHO_C=''
ECHO_N='-n'
ECHO_T=''
EGREP='/bin/grep -E'
EXEEXT=''
FGREP='/bin/grep -F'
FREETYPE_CONFIG='no'
GL_LIBS=''
GREP='/bin/grep'
INSTALL_DATA='${INSTALL} -m 644'
INSTALL_PROGRAM='${INSTALL}'
INSTALL_SCRIPT='${INSTALL}'
INSTALL_STRIP_PROGRAM='$(install_sh) -c -s'
INTERFACE_AGE='0'
LD='/usr/bin/ld'
LDFLAGS=''
LIBOBJS=''
LIBS=''
LIBTOOL='$(SHELL) $(top_builddir)/libtool'
LIPO=''
LN_S='ln -s'
LTLIBOBJS=''
LT_AGE='14'
LT_CURRENT='14'
LT_RELEASE='2.0'
LT_REVISION='0'
MAJOR_VERSION='2'
MAKEINFO='${SHELL} /home/pi/SDL_gui/SDL2_ttf_HarfBuzz/missing makeinfo'
MATHLIB=''
MICRO_VERSION='14'
MINOR_VERSION='0'
MKDIR_P='/bin/mkdir -p'
NM='/usr/bin/nm -B'
NMEDIT=''
OBJDUMP='objdump'
OBJEXT='o'
OTOOL64=''
OTOOL=''
PACKAGE='SDL2_ttf'
PACKAGE_BUGREPORT=''
PACKAGE_NAME=''
PACKAGE_STRING=''
PACKAGE_TARNAME=''
PACKAGE_URL=''
PACKAGE_VERSION=''
PATH_SEPARATOR=':'
PKG_CONFIG=''
RANLIB='ranlib'
SDL2_CONFIG=''
SDL_CFLAGS=''
SDL_LIBS=''
SDL_VERSION=''
SED='/bin/sed'
SET_MAKE=''
SHELL='/bin/bash'
STRIP='strip'
USE_VERSION_RC_FALSE=''
USE_VERSION_RC_TRUE='#'
VERSION='2.0.14'
WINDRES=''
XMKMF=''
X_CFLAGS=''
X_EXTRA_LIBS=''
X_LIBS=''
X_PRE_LIBS=''
ac_ct_CC='gcc'
ac_ct_DUMPBIN=''
am__EXEEXT_FALSE=''
am__EXEEXT_TRUE=''
am__fastdepCC_FALSE='#'
am__fastdepCC_TRUE=''
am__include='include'
am__isrc=''
am__leading_dot='.'
am__nodep='_no'
am__quote=''
am__tar='$${TAR-tar} chof - "$$tardir"'
am__untar='$${TAR-tar} xf -'
bindir='${exec_prefix}/bin'
build='armv7l-unknown-linux-gnueabihf'
build_alias=''
build_cpu='armv7l'
build_os='linux-gnueabihf'
build_vendor='unknown'
datadir='${datarootdir}'
datarootdir='${prefix}/share'
docdir='${datarootdir}/doc/${PACKAGE}'
dvidir='${docdir}'
exec_prefix='NONE'
host='armv7l-unknown-linux-gnueabihf'
host_alias=''
host_cpu='armv7l'
host_os='linux-gnueabihf'
host_vendor='unknown'
htmldir='${docdir}'
includedir='${prefix}/include'
infodir='${datarootdir}/info'
install_sh='${SHELL} /home/pi/SDL_gui/SDL2_ttf_HarfBuzz/install-sh'
libdir='${exec_prefix}/lib'
libexecdir='${exec_prefix}/libexec'
localedir='${datarootdir}/locale'
localstatedir='${prefix}/var'
lt_ECHO='echo'
mandir='${datarootdir}/man'
mkdir_p='$(MKDIR_P)'
oldincludedir='/usr/include'
pdfdir='${docdir}'
prefix='NONE'
program_transform_name='s,x,x,'
psdir='${docdir}'
runstatedir='${localstatedir}/run'
sbindir='${exec_prefix}/sbin'
sharedstatedir='${prefix}/com'
sysconfdir='${prefix}/etc'
target_alias=''

## ----------- ##
## confdefs.h. ##
## ----------- ##

/* confdefs.h */
#define PACKAGE_NAME ""
#define PACKAGE_TARNAME ""
#define PACKAGE_VERSION ""
#define PACKAGE_STRING ""
#define PACKAGE_BUGREPORT ""
#define PACKAGE_URL ""
#define STDC_HEADERS 1
#define HAVE_SYS_TYPES_H 1
#define HAVE_SYS_STAT_H 1
#define HAVE_STDLIB_H 1
#define HAVE_STRING_H 1
#define HAVE_MEMORY_H 1
#define HAVE_STRINGS_H 1
#define HAVE_INTTYPES_H 1
#define HAVE_STDINT_H 1
#define HAVE_UNISTD_H 1
#define HAVE_DLFCN_H 1
#define LT_OBJDIR ".libs/"
#define PACKAGE "SDL2_ttf"
#define VERSION "2.0.14"
#define HAVE_ALLOCA_H 1
#define HAVE_ALLOCA 1

configure: exit 1
