This file contains any messages produced by compilers while
running configure, to aid debugging if configure makes a mistake.

It was created by configure, which was
generated by GNU Autoconf 2.69.  Invocation command line was

  $ ./configure 

## --------- ##
## Platform. ##
## --------- ##

hostname = raspberrypi
uname -m = armv7l
uname -r = 5.4.51-v7l+
uname -s = Linux
uname -v = #1333 SMP Mon Aug 10 16:51:40 BST 2020

/usr/bin/uname -p = unknown
/bin/uname -X     = unknown

/bin/arch              = unknown
/usr/bin/arch -k       = unknown
/usr/convex/getsysinfo = unknown
/usr/bin/hostinfo      = unknown
/bin/machine           = unknown
/usr/bin/oslevel       = unknown
/bin/universe          = unknown

PATH: /usr/local/sbin
PATH: /usr/local/bin
PATH: /usr/sbin
PATH: /usr/bin
PATH: /sbin
PATH: /bin
PATH: /usr/local/games
PATH: /usr/games


## ----------- ##
## Core tests. ##
## ----------- ##

configure:2505: checking build system type
configure:2519: result: armv7l-unknown-linux-gnueabihf
configure:2539: checking host system type
configure:2552: result: armv7l-unknown-linux-gnueabihf
configure:2623: checking for gcc
configure:2639: found /usr/bin/gcc
configure:2650: result: gcc
configure:2879: checking for C compiler version
configure:2888: gcc --version >&5
gcc (Raspbian 8.3.0-6+rpi1) 8.3.0
Copyright (C) 2018 Free Software Foundation, Inc.
This is free software; see the source for copying conditions.  There is NO
warranty; not even for MERCHANTABILITY or FITNESS FOR A PARTICULAR PURPOSE.

configure:2899: $? = 0
configure:2888: gcc -v >&5
Using built-in specs.
COLLECT_GCC=gcc
COLLECT_LTO_WRAPPER=/usr/lib/gcc/arm-linux-gnueabihf/8/lto-wrapper
Target: arm-linux-gnueabihf
Configured with: ../src/configure -v --with-pkgversion='Raspbian 8.3.0-6+rpi1' --with-bugurl=file:///usr/share/doc/gcc-8/README.Bugs --enable-languages=c,ada,c++,go,d,fortran,objc,obj-c++ --prefix=/usr --with-gcc-major-version-only --program-suffix=-8 --program-prefix=arm-linux-gnueabihf- --enable-shared --enable-linker-build-id --libexecdir=/usr/lib --without-included-gettext --enable-threads=posix --libdir=/usr/lib --enable-nls --enable-bootstrap --enable-clocale=gnu --enable-libstdcxx-debug --enable-libstdcxx-time=yes --with-default-libstdcxx-abi=new --enable-gnu-unique-object --disable-libitm --disable-libquadmath --disable-libquadmath-support --enable-plugin --with-system-zlib --with-target-system-zlib --enable-objc-gc=auto --enable-multiarch --disable-sjlj-exceptions --with-arch=armv6 --with-fpu=vfp --with-float=hard --disable-werror --enable-checking=release --build=arm-linux-gnueabihf --host=arm-linux-gnueabihf --target=arm-linux-gnueabihf
Thread model: posix
gcc version 8.3.0 (Raspbian 8.3.0-6+rpi1) 
configure:2899: $? = 0
configure:2888: gcc -V >&5
gcc: error: unrecognized command line option '-V'
gcc: fatal error: no input files
compilation terminated.
configure:2899: $? = 1
configure:2888: gcc -qversion >&5
gcc: error: unrecognized command line option '-qversion'; did you mean '--version'?
gcc: fatal error: no input files
compilation terminated.
configure:2899: $? = 1
configure:2919: checking whether the C compiler works
configure:2941: gcc    conftest.c  >&5
configure:2945: $? = 0
configure:2993: result: yes
configure:2996: checking for C compiler default output file name
configure:2998: result: a.out
configure:3004: checking for suffix of executables
configure:3011: gcc -o conftest    conftest.c  >&5
configure:3015: $? = 0
configure:3037: result: 
configure:3059: checking whether we are cross compiling
configure:3067: gcc -o conftest    conftest.c  >&5
configure:3071: $? = 0
configure:3078: ./conftest
configure:3082: $? = 0
configure:3070: result: no
configure:3075: checking for suffix of object files
configure:3097: gcc -c   conftest.c >&5
configure:3101: $? = 0
configure:3122: result: o
configure:3126: checking whether we are using the GNU C compiler
configure:3145: gcc -c   conftest.c >&5
configure:3145: $? = 0
configure:3154: result: yes
configure:3163: checking whether gcc accepts -g
configure:3183: gcc -c -g  conftest.c >&5
configure:3183: $? = 0
configure:3224: result: yes
configure:3241: checking for gcc option to accept ISO C89
configure:3304: gcc  -c -g -O2  conftest.c >&5
configure:3304: $? = 0
configure:3317: result: none needed
configure:3342: checking whether gcc understands -c and -o together
configure:3364: gcc -c conftest.c -o conftest2.o
configure:3367: $? = 0
configure:3364: gcc -c conftest.c -o conftest2.o
configure:3367: $? = 0
configure:3379: result: yes
configure:3396: checking for a sed that does not truncate output
configure:3460: result: /bin/sed
configure:3478: checking for grep that handles long lines and -e
configure:3536: result: /bin/grep
configure:3541: checking for egrep
configure:3603: result: /bin/grep -E
configure:3608: checking for fgrep
configure:3670: result: /bin/grep -F
configure:3705: checking for ld used by gcc
configure:3772: result: /usr/bin/ld
configure:3779: checking if the linker (/usr/bin/ld) is GNU ld
configure:3794: result: yes
configure:3806: checking for BSD- or MS-compatible name lister (nm)
configure:3855: result: /usr/bin/nm -B
configure:3973: checking the name lister (/usr/bin/nm -B) interface
configure:4011: gcc -c -g -O2  conftest.c >&5
configure:4014: /usr/bin/nm -B "conftest.o"
configure:4017: output
00000000 B some_variable
configure:3987: result: BSD nm
configure:3990: checking whether ln -s works
configure:3994: result: yes
configure:4002: checking the maximum length of command line arguments
configure:4128: result: 1572864
configure:4145: checking whether the shell understands some XSI constructs
configure:4154: result: yes
configure:4158: checking whether the shell understands "+="
configure:4162: result: yes
configure:4197: checking for /usr/bin/ld option to reload object files
configure:4204: result: -r
configure:4273: checking for objdump
configure:4289: found /usr/bin/objdump
configure:4300: result: objdump
configure:4329: checking how to recognize dependent libraries
configure:4527: result: pass_all
configure:4587: checking for ar
configure:4603: found /usr/bin/ar
configure:4614: result: ar
configure:4692: checking for strip
configure:4708: found /usr/bin/strip
configure:4719: result: strip
configure:4791: checking for ranlib
configure:4807: found /usr/bin/ranlib
configure:4818: result: ranlib
configure:4908: checking command to parse /usr/bin/nm -B output from gcc object
configure:5026: gcc -c -g -O2  conftest.c >&5
configure:5029: $? = 0
configure:5033: /usr/bin/nm -B conftest.o \| sed -n -e 's/^.*[	 ]\([ABCDGIRSTW][ABCDGIRSTW]*\)[	 ][	 ]*\([_A-Za-z][_A-Za-z0-9]*\)$/\1 \2 \2/p' \> conftest.nm
configure:5036: $? = 0
configure:5090: gcc -o conftest -g -O2   conftest.c conftstm.o >&5
configure:5093: $? = 0
configure:5131: result: ok
configure:5940: checking how to run the C preprocessor
configure:5971: gcc -E  conftest.c
configure:5971: $? = 0
configure:5985: gcc -E  conftest.c
conftest.c:9:10: fatal error: ac_nonexistent.h: No such file or directory
 #include <ac_nonexistent.h>
          ^~~~~~~~~~~~~~~~~~
compilation terminated.
configure:5985: $? = 1
configure: failed program was:
| /* confdefs.h */
| #define PACKAGE_NAME ""
| #define PACKAGE_TARNAME ""
| #define PACKAGE_VERSION ""
| #define PACKAGE_STRING ""
| #define PACKAGE_BUGREPORT ""
| #define PACKAGE_URL ""
| /* end confdefs.h.  */
| #include <ac_nonexistent.h>
configure:6010: result: gcc -E
configure:6030: gcc -E  conftest.c
configure:6030: $? = 0
configure:6044: gcc -E  conftest.c
conftest.c:9:10: fatal error: ac_nonexistent.h: No such file or directory
 #include <ac_nonexistent.h>
          ^~~~~~~~~~~~~~~~~~
compilation terminated.
configure:6044: $? = 1
configure: failed program was:
| /* confdefs.h */
| #define PACKAGE_NAME ""
| #define PACKAGE_TARNAME ""
| #define PACKAGE_VERSION ""
| #define PACKAGE_STRING ""
| #define PACKAGE_BUGREPORT ""
| #define PACKAGE_URL ""
| /* end confdefs.h.  */
| #include <ac_nonexistent.h>
configure:6073: checking for ANSI C header files
configure:6093: gcc -c -g -O2  conftest.c >&5
configure:6093: $? = 0
configure:6166: gcc -o conftest -g -O2   conftest.c  >&5
configure:6166: $? = 0
configure:6166: ./conftest
configure:6166: $? = 0
configure:6177: result: yes
configure:6190: checking for sys/types.h
configure:6190: gcc -c -g -O2  conftest.c >&5
configure:6190: $? = 0
configure:6190: result: yes
configure:6190: checking for sys/stat.h
configure:6190: gcc -c -g -O2  conftest.c >&5
configure:6190: $? = 0
configure:6190: result: yes
configure:6190: checking for stdlib.h
configure:6190: gcc -c -g -O2  conftest.c >&5
configure:6190: $? = 0
configure:6190: result: yes
configure:6190: checking for string.h
configure:6190: gcc -c -g -O2  conftest.c >&5
configure:6190: $? = 0
configure:6190: result: yes
configure:6190: checking for memory.h
configure:6190: gcc -c -g -O2  conftest.c >&5
configure:6190: $? = 0
configure:6190: result: yes
configure:6190: checking for strings.h
configure:6190: gcc -c -g -O2  conftest.c >&5
configure:6190: $? = 0
configure:6190: result: yes
configure:6190: checking for inttypes.h
configure:6190: gcc -c -g -O2  conftest.c >&5
configure:6190: $? = 0
configure:6190: result: yes
configure:6190: checking for stdint.h
configure:6190: gcc -c -g -O2  conftest.c >&5
configure:6190: $? = 0
configure:6190: result: yes
configure:6190: checking for unistd.h
configure:6190: gcc -c -g -O2  conftest.c >&5
configure:6190: $? = 0
configure:6190: result: yes
configure:6204: checking for dlfcn.h
configure:6204: gcc -c -g -O2  conftest.c >&5
configure:6204: $? = 0
configure:6204: result: yes
configure:6686: checking for objdir
configure:6701: result: .libs
configure:6997: checking if gcc supports -fno-rtti -fno-exceptions
configure:7055: gcc -c -g -O2  -fno-rtti -fno-exceptions conftest.c >&5
cc1: warning: command line option '-fno-rtti' is valid for C++/ObjC++ but not for C
configure:7059: $? = 0
configure:7032: result: no
configure:7052: checking for gcc option to produce PIC
configure:7324: result: -fPIC -DPIC
configure:7336: checking if gcc PIC flag -fPIC -DPIC works
configure:7394: gcc -c -g -O2  -fPIC -DPIC -DPIC conftest.c >&5
configure:7398: $? = 0
configure:7371: result: yes
configure:7395: checking if gcc static flag -static works
configure:7423: result: yes
configure:7438: checking if gcc supports -c -o file.o
configure:7499: gcc -c -g -O2  -o out/conftest2.o conftest.c >&5
configure:7503: $? = 0
configure:7485: result: yes
configure:7493: checking if gcc supports -c -o file.o
configure:7540: result: yes
configure:7573: checking whether the gcc linker (/usr/bin/ld) supports shared libraries
configure:8559: result: yes
configure:8596: checking whether -lc should be explicitly linked in
configure:8601: gcc -c -g -O2  conftest.c >&5
configure:8604: $? = 0
configure:8619: gcc -shared conftest.o  -v -Wl,-soname -Wl,conftest -o conftest 2\>\&1 \| /bin/grep  -lc  \>/dev/null 2\>\&1
configure:8622: $? = 0
configure:8634: result: no
configure:8798: checking dynamic linker characteristics
configure:9233: gcc -o conftest -g -O2   -Wl,-rpath -Wl,/foo conftest.c  >&5
configure:9233: $? = 0
configure:9451: result: GNU/Linux ld.so
configure:9553: checking how to hardcode library paths into programs
configure:9578: result: immediate
configure:10098: checking whether stripping libraries is possible
configure:10103: result: yes
configure:10138: checking if libtool supports shared libraries
configure:10140: result: yes
configure:10143: checking whether to build shared libraries
configure:10164: result: yes
configure:10167: checking whether to build static libraries
configure:10171: result: yes
configure:7518: checking for a BSD-compatible install
configure:7586: result: /usr/bin/install -c
configure:7597: checking whether build environment is sane
configure:7652: result: yes
configure:7798: checking for a thread-safe mkdir -p
configure:7837: result: /bin/mkdir -p
configure:7844: checking for gawk
configure:7874: result: no
configure:7844: checking for mawk
configure:7860: found /usr/bin/mawk
configure:7871: result: mawk
configure:7882: checking whether make sets $(MAKE)
configure:7904: result: yes
configure:7926: checking whether make supports the include directive
configure:7941: make -f confmf.GNU && cat confinc.out
this is the am__doit target
configure:7944: $? = 0
configure:7963: result: yes (GNU style)
configure:7996: checking whether make supports nested variables
configure:8013: result: yes
configure:8099: checking dependency style of gcc
configure:8210: result: gcc3
configure:8318: checking for gcc
configure:8345: result: gcc
configure:8574: checking for C compiler version
configure:8583: gcc --version >&5
gcc (Raspbian 8.3.0-6+rpi1) 8.3.0
Copyright (C) 2018 Free Software Foundation, Inc.
This is free software; see the source for copying conditions.  There is NO
warranty; not even for MERCHANTABILITY or FITNESS FOR A PARTICULAR PURPOSE.

configure:8594: $? = 0
configure:8583: gcc -v >&5
Using built-in specs.
COLLECT_GCC=gcc
COLLECT_LTO_WRAPPER=/usr/lib/gcc/arm-linux-gnueabihf/8/lto-wrapper
Target: arm-linux-gnueabihf
Configured with: ../src/configure -v --with-pkgversion='Raspbian 8.3.0-6+rpi1' --with-bugurl=file:///usr/share/doc/gcc-8/README.Bugs --enable-languages=c,ada,c++,go,d,fortran,objc,obj-c++ --prefix=/usr --with-gcc-major-version-only --program-suffix=-8 --program-prefix=arm-linux-gnueabihf- --enable-shared --enable-linker-build-id --libexecdir=/usr/lib --without-included-gettext --enable-threads=posix --libdir=/usr/lib --enable-nls --enable-bootstrap --enable-clocale=gnu --enable-libstdcxx-debug --enable-libstdcxx-time=yes --with-default-libstdcxx-abi=new --enable-gnu-unique-object --disable-libitm --disable-libquadmath --disable-libquadmath-support --enable-plugin --with-system-zlib --with-target-system-zlib --enable-objc-gc=auto --enable-multiarch --disable-sjlj-exceptions --with-arch=armv6 --with-fpu=vfp --with-float=hard --disable-werror --enable-checking=release --build=arm-linux-gnueabihf --host=arm-linux-gnueabihf --target=arm-linux-gnueabihf
Thread model: posix
gcc version 8.3.0 (Raspbian 8.3.0-6+rpi1) 
configure:8594: $? = 0
configure:8583: gcc -V >&5
gcc: error: unrecognized command line option '-V'
gcc: fatal error: no input files
compilation terminated.
configure:8594: $? = 1
configure:8583: gcc -qversion >&5
gcc: error: unrecognized command line option '-qversion'; did you mean '--version'?
gcc: fatal error: no input files
compilation terminated.
configure:8594: $? = 1
configure:8598: checking whether we are using the GNU C compiler
configure:8626: result: yes
configure:8635: checking whether gcc accepts -g
configure:8696: result: yes
configure:8713: checking for gcc option to accept ISO C89
configure:8789: result: none needed
configure:8814: checking whether gcc understands -c and -o together
configure:8851: result: yes
configure:8926: checking for g++
configure:8942: found /usr/bin/g++
configure:8953: result: g++
configure:8980: checking for C++ compiler version
configure:8989: g++ --version >&5
g++ (Raspbian 8.3.0-6+rpi1) 8.3.0
Copyright (C) 2018 Free Software Foundation, Inc.
This is free software; see the source for copying conditions.  There is NO
warranty; not even for MERCHANTABILITY or FITNESS FOR A PARTICULAR PURPOSE.

configure:9000: $? = 0
configure:8989: g++ -v >&5
Using built-in specs.
COLLECT_GCC=g++
COLLECT_LTO_WRAPPER=/usr/lib/gcc/arm-linux-gnueabihf/8/lto-wrapper
Target: arm-linux-gnueabihf
Configured with: ../src/configure -v --with-pkgversion='Raspbian 8.3.0-6+rpi1' --with-bugurl=file:///usr/share/doc/gcc-8/README.Bugs --enable-languages=c,ada,c++,go,d,fortran,objc,obj-c++ --prefix=/usr --with-gcc-major-version-only --program-suffix=-8 --program-prefix=arm-linux-gnueabihf- --enable-shared --enable-linker-build-id --libexecdir=/usr/lib --without-included-gettext --enable-threads=posix --libdir=/usr/lib --enable-nls --enable-bootstrap --enable-clocale=gnu --enable-libstdcxx-debug --enable-libstdcxx-time=yes --with-default-libstdcxx-abi=new --enable-gnu-unique-object --disable-libitm --disable-libquadmath --disable-libquadmath-support --enable-plugin --with-system-zlib --with-target-system-zlib --enable-objc-gc=auto --enable-multiarch --disable-sjlj-exceptions --with-arch=armv6 --with-fpu=vfp --with-float=hard --disable-werror --enable-checking=release --build=arm-linux-gnueabihf --host=arm-linux-gnueabihf --target=arm-linux-gnueabihf
Thread model: posix
gcc version 8.3.0 (Raspbian 8.3.0-6+rpi1) 
configure:9000: $? = 0
configure:8989: g++ -V >&5
g++: error: unrecognized command line option '-V'
g++: fatal error: no input files
compilation terminated.
configure:9000: $? = 1
configure:8989: g++ -qversion >&5
g++: error: unrecognized command line option '-qversion'; did you mean '--version'?
g++: fatal error: no input files
compilation terminated.
configure:9000: $? = 1
configure:9004: checking whether we are using the GNU C++ compiler
configure:9023: g++ -c   conftest.cpp >&5
configure:9023: $? = 0
configure:9032: result: yes
configure:9041: checking whether g++ accepts -g
configure:9061: g++ -c -g  conftest.cpp >&5
configure:9061: $? = 0
configure:9102: result: yes
configure:9238: checking for C++ compiler version
configure:9247: g++ --version >&5
g++ (Raspbian 8.3.0-6+rpi1) 8.3.0
Copyright (C) 2018 Free Software Foundation, Inc.
This is free software; see the source for copying conditions.  There is NO
warranty; not even for MERCHANTABILITY or FITNESS FOR A PARTICULAR PURPOSE.

configure:9258: $? = 0
configure:9247: g++ -v >&5
Using built-in specs.
COLLECT_GCC=g++
COLLECT_LTO_WRAPPER=/usr/lib/gcc/arm-linux-gnueabihf/8/lto-wrapper
Target: arm-linux-gnueabihf
Configured with: ../src/configure -v --with-pkgversion='Raspbian 8.3.0-6+rpi1' --with-bugurl=file:///usr/share/doc/gcc-8/README.Bugs --enable-languages=c,ada,c++,go,d,fortran,objc,obj-c++ --prefix=/usr --with-gcc-major-version-only --program-suffix=-8 --program-prefix=arm-linux-gnueabihf- --enable-shared --enable-linker-build-id --libexecdir=/usr/lib --without-included-gettext --enable-threads=posix --libdir=/usr/lib --enable-nls --enable-bootstrap --enable-clocale=gnu --enable-libstdcxx-debug --enable-libstdcxx-time=yes --with-default-libstdcxx-abi=new --enable-gnu-unique-object --disable-libitm --disable-libquadmath --disable-libquadmath-support --enable-plugin --with-system-zlib --with-target-system-zlib --enable-objc-gc=auto --enable-multiarch --disable-sjlj-exceptions --with-arch=armv6 --with-fpu=vfp --with-float=hard --disable-werror --enable-checking=release --build=arm-linux-gnueabihf --host=arm-linux-gnueabihf --target=arm-linux-gnueabihf
Thread model: posix
gcc version 8.3.0 (Raspbian 8.3.0-6+rpi1) 
configure:9258: $? = 0
configure:9247: g++ -V >&5
g++: error: unrecognized command line option '-V'
g++: fatal error: no input files
compilation terminated.
configure:9258: $? = 1
configure:9247: g++ -qversion >&5
g++: error: unrecognized command line option '-qversion'; did you mean '--version'?
g++: fatal error: no input files
compilation terminated.
configure:9258: $? = 1
configure:9262: checking whether we are using the GNU C++ compiler
configure:9290: result: yes
configure:9299: checking whether g++ accepts -g
configure:9360: result: yes
configure:9385: checking dependency style of g++
configure:9496: result: gcc3
configure:9519: checking how to run the C++ preprocessor
configure:9546: g++ -E  conftest.cpp
configure:9546: $? = 0
configure:9560: g++ -E  conftest.cpp
conftest.cpp:23:10: fatal error: ac_nonexistent.h: No such file or directory
 #include <ac_nonexistent.h>
          ^~~~~~~~~~~~~~~~~~
compilation terminated.
configure:9560: $? = 1
configure: failed program was:
| /* confdefs.h */
| #define PACKAGE_NAME ""
| #define PACKAGE_TARNAME ""
| #define PACKAGE_VERSION ""
| #define PACKAGE_STRING ""
| #define PACKAGE_BUGREPORT ""
| #define PACKAGE_URL ""
| #define STDC_HEADERS 1
| #define HAVE_SYS_TYPES_H 1
| #define HAVE_SYS_STAT_H 1
| #define HAVE_STDLIB_H 1
| #define HAVE_STRING_H 1
| #define HAVE_MEMORY_H 1
| #define HAVE_STRINGS_H 1
| #define HAVE_INTTYPES_H 1
| #define HAVE_STDINT_H 1
| #define HAVE_UNISTD_H 1
| #define HAVE_DLFCN_H 1
| #define LT_OBJDIR ".libs/"
| #define PACKAGE "SDL2_net"
| #define VERSION "2.0.1"
| /* end confdefs.h.  */
| #include <ac_nonexistent.h>
configure:9585: result: g++ -E
configure:9605: g++ -E  conftest.cpp
configure:9605: $? = 0
configure:9619: g++ -E  conftest.cpp
conftest.cpp:23:10: fatal error: ac_nonexistent.h: No such file or directory
 #include <ac_nonexistent.h>
          ^~~~~~~~~~~~~~~~~~
compilation terminated.
configure:9619: $? = 1
configure: failed program was:
| /* confdefs.h */
| #define PACKAGE_NAME ""
| #define PACKAGE_TARNAME ""
| #define PACKAGE_VERSION ""
| #define PACKAGE_STRING ""
| #define PACKAGE_BUGREPORT ""
| #define PACKAGE_URL ""
| #define STDC_HEADERS 1
| #define HAVE_SYS_TYPES_H 1
| #define HAVE_SYS_STAT_H 1
| #define HAVE_STDLIB_H 1
| #define HAVE_STRING_H 1
| #define HAVE_MEMORY_H 1
| #define HAVE_STRINGS_H 1
| #define HAVE_INTTYPES_H 1
| #define HAVE_STDINT_H 1
| #define HAVE_UNISTD_H 1
| #define HAVE_DLFCN_H 1
| #define LT_OBJDIR ".libs/"
| #define PACKAGE "SDL2_net"
| #define VERSION "2.0.1"
| /* end confdefs.h.  */
| #include <ac_nonexistent.h>
configure:9787: checking for ld used by g++
configure:9854: result: /usr/bin/ld
configure:9861: checking if the linker (/usr/bin/ld) is GNU ld
configure:9876: result: yes
configure:9931: checking whether the g++ linker (/usr/bin/ld) supports shared libraries
configure:10844: result: yes
configure:10872: g++ -c -g -O2  conftest.cpp >&5
configure:10875: $? = 0
configure:11057: checking for g++ option to produce PIC
configure:11374: result: -fPIC -DPIC
configure:11383: checking if g++ PIC flag -fPIC -DPIC works
configure:14160: g++ -c -g -O2  -fPIC -DPIC -DPIC conftest.cpp >&5
configure:14164: $? = 0
configure:11418: result: yes
configure:11439: checking if g++ static flag -static works
configure:11467: result: yes
configure:11479: checking if g++ supports -c -o file.o
configure:14259: g++ -c -g -O2  -o out/conftest2.o conftest.cpp >&5
configure:14263: $? = 0
configure:11526: result: yes
configure:11531: checking if g++ supports -c -o file.o
configure:11578: result: yes
configure:11608: checking whether the g++ linker (/usr/bin/ld) supports shared libraries
configure:11634: result: yes
configure:11771: checking dynamic linker characteristics
configure:12154: g++ -o conftest -g -O2   -Wl,-rpath -Wl,/foo conftest.cpp  >&5
configure:12154: $? = 0
configure:12372: result: GNU/Linux ld.so
configure:12423: checking how to hardcode library paths into programs
configure:12448: result: immediate
configure:11512: checking dependency style of g++
configure:11623: result: gcc3
configure:11639: checking whether make sets $(MAKE)
configure:11661: result: yes
configure:11679: checking for windres
configure:11709: result: no
configure:11679: checking for linux-gnueabihf-windres
configure:11709: result: no
configure:11825: checking for pkg-config
configure:11843: found /usr/bin/pkg-config
configure:11855: result: /usr/bin/pkg-config
configure:11880: checking pkg-config is at least version 0.9.0
configure:11883: result: yes
configure:11921: checking for SDL
configure:11929: $PKG_CONFIG --exists --print-errors "sdl2 >= $min_sdl_version"
configure:11932: $? = 0
configure:11947: $PKG_CONFIG --exists --print-errors "sdl2 >= $min_sdl_version"
configure:11950: $? = 0
configure:11986: result: yes
configure:12251: checking for GUI_Create in -lGUI
configure:12276: g++ -o conftest -g -O2   conftest.cpp -lGUI   -L/usr/local/lib -Wl,-rpath,/usr/local/lib -Wl,--enable-new-dtags -lSDL2 >&5
/usr/bin/ld: cannot find -lGUI
collect2: error: ld returned 1 exit status
configure:12276: $? = 1
configure: failed program was:
| /* confdefs.h */
| #define PACKAGE_NAME ""
| #define PACKAGE_TARNAME ""
| #define PACKAGE_VERSION ""
| #define PACKAGE_STRING ""
| #define PACKAGE_BUGREPORT ""
| #define PACKAGE_URL ""
| #define STDC_HEADERS 1
| #define HAVE_SYS_TYPES_H 1
| #define HAVE_SYS_STAT_H 1
| #define HAVE_STDLIB_H 1
| #define HAVE_STRING_H 1
| #define HAVE_MEMORY_H 1
| #define HAVE_STRINGS_H 1
| #define HAVE_INTTYPES_H 1
| #define HAVE_STDINT_H 1
| #define HAVE_UNISTD_H 1
| #define HAVE_DLFCN_H 1
| #define LT_OBJDIR ".libs/"
| #define PACKAGE "SDL2_net"
| #define VERSION "2.0.1"
| /* end confdefs.h.  */
| 
| /* Override any GCC internal prototype to avoid an error.
|    Use char because int might match the return type of a GCC
|    builtin and then its argument prototype would still apply.  */
| #ifdef __cplusplus
| extern "C"
| #endif
| char GUI_Create ();
| int
| main ()
| {
| return GUI_Create ();
|   ;
|   return 0;
| }
configure:12285: result: no
configure:12301: WARNING: *** Can't find the GUI library - not building test programs
The GUI library can be found at:
http://www.libsdl.org/projects/GUIlib/

configure:12461: checking that generated files are newer than configure
configure:12467: result: done
configure:12506: creating ./config.status

## ---------------------- ##
## Running config.status. ##
## ---------------------- ##

This file was extended by config.status, which was
generated by GNU Autoconf 2.69.  Invocation command line was

  CONFIG_FILES    = 
  CONFIG_HEADERS  = 
  CONFIG_LINKS    = 
  CONFIG_COMMANDS = 
  $ ./config.status 

on raspberrypi

config.status:1071: creating Makefile
config.status:1071: creating SDL2_net.spec
config.status:1071: creating SDL2_net.pc
config.status:1243: executing libtool commands
config.status:1243: executing depfiles commands
config.status:2128: cd .       && sed -e '/# am--include-marker/d' Makefile         | make -f - am--depfiles
config.status:2133: $? = 0

## ---------------- ##
## Cache variables. ##
## ---------------- ##

ac_cv_build=armv7l-unknown-linux-gnueabihf
ac_cv_c_compiler_gnu=yes
ac_cv_cxx_compiler_gnu=yes
ac_cv_env_CCC_set=
ac_cv_env_CCC_value=
ac_cv_env_CC_set=
ac_cv_env_CC_value=
ac_cv_env_CFLAGS_set=
ac_cv_env_CFLAGS_value=
ac_cv_env_CPPFLAGS_set=
ac_cv_env_CPPFLAGS_value=
ac_cv_env_CPP_set=
ac_cv_env_CPP_value=
ac_cv_env_CXXCPP_set=
ac_cv_env_CXXCPP_value=
ac_cv_env_CXXFLAGS_set=
ac_cv_env_CXXFLAGS_value=
ac_cv_env_CXX_set=
ac_cv_env_CXX_value=
ac_cv_env_LDFLAGS_set=
ac_cv_env_LDFLAGS_value=
ac_cv_env_LIBS_set=
ac_cv_env_LIBS_value=
ac_cv_env_PKG_CONFIG_set=
ac_cv_env_PKG_CONFIG_value=
ac_cv_env_SDL_CFLAGS_set=
ac_cv_env_SDL_CFLAGS_value=
ac_cv_env_SDL_LIBS_set=
ac_cv_env_SDL_LIBS_value=
ac_cv_env_build_alias_set=
ac_cv_env_build_alias_value=
ac_cv_env_host_alias_set=
ac_cv_env_host_alias_value=
ac_cv_env_target_alias_set=
ac_cv_env_target_alias_value=
ac_cv_header_dlfcn_h=yes
ac_cv_header_inttypes_h=yes
ac_cv_header_memory_h=yes
ac_cv_header_stdc=yes
ac_cv_header_stdint_h=yes
ac_cv_header_stdlib_h=yes
ac_cv_header_string_h=yes
ac_cv_header_strings_h=yes
ac_cv_header_sys_stat_h=yes
ac_cv_header_sys_types_h=yes
ac_cv_header_unistd_h=yes
ac_cv_host=armv7l-unknown-linux-gnueabihf
ac_cv_lib_GUI_GUI_Create=no
ac_cv_objext=o
ac_cv_path_EGREP='/bin/grep -E'
ac_cv_path_FGREP='/bin/grep -F'
ac_cv_path_GREP=/bin/grep
ac_cv_path_SED=/bin/sed
ac_cv_path_ac_pt_PKG_CONFIG=/usr/bin/pkg-config
ac_cv_path_install='/usr/bin/install -c'
ac_cv_path_mkdir=/bin/mkdir
ac_cv_prog_AWK=mawk
ac_cv_prog_CPP='gcc -E'
ac_cv_prog_CXXCPP='g++ -E'
ac_cv_prog_ac_ct_AR=ar
ac_cv_prog_ac_ct_CC=gcc
ac_cv_prog_ac_ct_CXX=g++
ac_cv_prog_ac_ct_OBJDUMP=objdump
ac_cv_prog_ac_ct_RANLIB=ranlib
ac_cv_prog_ac_ct_STRIP=strip
ac_cv_prog_cc_c89=
ac_cv_prog_cc_g=yes
ac_cv_prog_cxx_g=yes
ac_cv_prog_make_make_set=yes
am_cv_CC_dependencies_compiler_type=gcc3
am_cv_CXX_dependencies_compiler_type=gcc3
am_cv_make_support_nested_variables=yes
am_cv_prog_cc_c_o=yes
lt_cv_deplibs_check_method=pass_all
lt_cv_file_magic_cmd='$MAGIC_CMD'
lt_cv_file_magic_test_file=
lt_cv_ld_reload_flag=-r
lt_cv_nm_interface='BSD nm'
lt_cv_objdir=.libs
lt_cv_path_LD=/usr/bin/ld
lt_cv_path_LDCXX=/usr/bin/ld
lt_cv_path_NM='/usr/bin/nm -B'
lt_cv_prog_compiler_c_o=yes
lt_cv_prog_compiler_c_o_CXX=yes
lt_cv_prog_compiler_pic_works=yes
lt_cv_prog_compiler_pic_works_CXX=yes
lt_cv_prog_compiler_rtti_exceptions=no
lt_cv_prog_compiler_static_works=yes
lt_cv_prog_compiler_static_works_CXX=yes
lt_cv_prog_gnu_ld=yes
lt_cv_prog_gnu_ldcxx=yes
lt_cv_sys_global_symbol_pipe='sed -n -e '\''s/^.*[	 ]\([ABCDGIRSTW][ABCDGIRSTW]*\)[	 ][	 ]*\([_A-Za-z][_A-Za-z0-9]*\)$/\1 \2 \2/p'\'''
lt_cv_sys_global_symbol_to_c_name_address='sed -n -e '\''s/^: \([^ ]*\) $/  {\"\1\", (void *) 0},/p'\'' -e '\''s/^[ABCDGIRSTW]* \([^ ]*\) \([^ ]*\)$/  {"\2", (void *) \&\2},/p'\'''
lt_cv_sys_global_symbol_to_c_name_address_lib_prefix='sed -n -e '\''s/^: \([^ ]*\) $/  {\"\1\", (void *) 0},/p'\'' -e '\''s/^[ABCDGIRSTW]* \([^ ]*\) \(lib[^ ]*\)$/  {"\2", (void *) \&\2},/p'\'' -e '\''s/^[ABCDGIRSTW]* \([^ ]*\) \([^ ]*\)$/  {"lib\2", (void *) \&\2},/p'\'''
lt_cv_sys_global_symbol_to_cdecl='sed -n -e '\''s/^T .* \(.*\)$/extern int \1();/p'\'' -e '\''s/^[ABCDGIRSTW]* .* \(.*\)$/extern char \1;/p'\'''
lt_cv_sys_max_cmd_len=1572864
pkg_cv_SDL_CFLAGS='-D_REENTRANT -I/usr/local/include/SDL2'
pkg_cv_SDL_LIBS='-L/usr/local/lib -Wl,-rpath,/usr/local/lib -Wl,--enable-new-dtags -lSDL2'

## ----------------- ##
## Output variables. ##
## ----------------- ##

ACLOCAL='${SHELL} /home/pi/SDL2/SDL2_net-2.0.1/missing aclocal-1.16'
AMDEPBACKSLASH='\'
AMDEP_FALSE='#'
AMDEP_TRUE=''
AMTAR='$${TAR-tar}'
AM_BACKSLASH='\'
AM_DEFAULT_V='$(AM_DEFAULT_VERBOSITY)'
AM_DEFAULT_VERBOSITY='1'
AM_V='$(V)'
AR='ar'
AS='as'
AUTOCONF='${SHELL} /home/pi/SDL2/SDL2_net-2.0.1/missing autoconf'
AUTOHEADER='${SHELL} /home/pi/SDL2/SDL2_net-2.0.1/missing autoheader'
AUTOMAKE='${SHELL} /home/pi/SDL2/SDL2_net-2.0.1/missing automake-1.16'
AWK='mawk'
BINARY_AGE='1'
CC='gcc'
CCDEPMODE='depmode=gcc3'
CFLAGS='-g -O2 -D_REENTRANT -I/usr/local/include/SDL2'
CPP='gcc -E'
CPPFLAGS=''
CXX='g++'
CXXCPP='g++ -E'
CXXDEPMODE='depmode=gcc3'
CXXFLAGS='-g -O2 -g -O2 -D_REENTRANT -I/usr/local/include/SDL2'
CYGPATH_W='echo'
DEFS='-DPACKAGE_NAME=\"\" -DPACKAGE_TARNAME=\"\" -DPACKAGE_VERSION=\"\" -DPACKAGE_STRING=\"\" -DPACKAGE_BUGREPORT=\"\" -DPACKAGE_URL=\"\" -DSTDC_HEADERS=1 -DHAVE_SYS_TYPES_H=1 -DHAVE_SYS_STAT_H=1 -DHAVE_STDLIB_H=1 -DHAVE_STRING_H=1 -DHAVE_MEMORY_H=1 -DHAVE_STRINGS_H=1 -DHAVE_INTTYPES_H=1 -DHAVE_STDINT_H=1 -DHAVE_UNISTD_H=1 -DHAVE_DLFCN_H=1 -DLT_OBJDIR=\".libs/\" -DPACKAGE=\"SDL2_net\" -DVERSION=\"2.0.1\"'
DEPDIR='.deps'
DLLTOOL='dlltool'
DSYMUTIL=''
DUMPBIN=''
ECHO_C=''
ECHO_N='-n'
ECHO_T=''
EGREP='/bin/grep -E'
EXEEXT=''
FGREP='/bin/grep -F'
GREP='/bin/grep'
HAVE_GUI_LIB_FALSE=''
HAVE_GUI_LIB_TRUE='#'
INETLIB=''
INSTALL_DATA='${INSTALL} -m 644'
INSTALL_PROGRAM='${INSTALL}'
INSTALL_SCRIPT='${INSTALL}'
INSTALL_STRIP_PROGRAM='$(install_sh) -c -s'
INTERFACE_AGE='1'
LD='/usr/bin/ld'
LDFLAGS=''
LIBOBJS=''
LIBS=' -L/usr/local/lib -Wl,-rpath,/usr/local/lib -Wl,--enable-new-dtags -lSDL2'
LIBTOOL='$(SHELL) $(top_builddir)/libtool'
LIPO=''
LN_S='ln -s'
LTLIBOBJS=''
LT_AGE='0'
LT_CURRENT='0'
LT_RELEASE='2.0'
LT_REVISION='1'
MAJOR_VERSION='2'
MAKEINFO='${SHELL} /home/pi/SDL2/SDL2_net-2.0.1/missing makeinfo'
MICRO_VERSION='1'
MINOR_VERSION='0'
MKDIR_P='/bin/mkdir -p'
NM='/usr/bin/nm -B'
NMEDIT=''
OBJDUMP='objdump'
OBJEXT='o'
OTOOL64=''
OTOOL=''
PACKAGE='SDL2_net'
PACKAGE_BUGREPORT=''
PACKAGE_NAME=''
PACKAGE_STRING=''
PACKAGE_TARNAME=''
PACKAGE_URL=''
PACKAGE_VERSION=''
PATH_SEPARATOR=':'
PKG_CONFIG='/usr/bin/pkg-config'
RANLIB='ranlib'
SDL2_CONFIG='pkg-config sdl2'
SDL_CFLAGS='-D_REENTRANT -I/usr/local/include/SDL2'
SDL_LIBS='-L/usr/local/lib -Wl,-rpath,/usr/local/lib -Wl,--enable-new-dtags -lSDL2'
SDL_VERSION='2.0.0'
SED='/bin/sed'
SET_MAKE=''
SHELL='/bin/bash'
STRIP='strip'
USE_VERSION_RC_FALSE=''
USE_VERSION_RC_TRUE='#'
VERSION='2.0.1'
WINDRES=''
ac_ct_CC='gcc'
ac_ct_CXX='g++'
ac_ct_DUMPBIN=''
am__EXEEXT_FALSE=''
am__EXEEXT_TRUE='#'
am__fastdepCC_FALSE='#'
am__fastdepCC_TRUE=''
am__fastdepCXX_FALSE='#'
am__fastdepCXX_TRUE=''
am__include='include'
am__isrc=''
am__leading_dot='.'
am__nodep='_no'
am__quote=''
am__tar='$${TAR-tar} chof - "$$tardir"'
am__untar='$${TAR-tar} xf -'
bindir='${exec_prefix}/bin'
build='armv7l-unknown-linux-gnueabihf'
build_alias=''
build_cpu='armv7l'
build_os='linux-gnueabihf'
build_vendor='unknown'
datadir='${datarootdir}'
datarootdir='${prefix}/share'
docdir='${datarootdir}/doc/${PACKAGE}'
dvidir='${docdir}'
exec_prefix='${prefix}'
host='armv7l-unknown-linux-gnueabihf'
host_alias=''
host_cpu='armv7l'
host_os='linux-gnueabihf'
host_vendor='unknown'
htmldir='${docdir}'
includedir='${prefix}/include'
infodir='${datarootdir}/info'
install_sh='${SHELL} /home/pi/SDL2/SDL2_net-2.0.1/install-sh'
libdir='${exec_prefix}/lib'
libexecdir='${exec_prefix}/libexec'
localedir='${datarootdir}/locale'
localstatedir='${prefix}/var'
lt_ECHO='echo'
mandir='${datarootdir}/man'
mkdir_p='$(MKDIR_P)'
oldincludedir='/usr/include'
pdfdir='${docdir}'
prefix='/usr/local'
program_transform_name='s,x,x,'
psdir='${docdir}'
runstatedir='${localstatedir}/run'
sbindir='${exec_prefix}/sbin'
sharedstatedir='${prefix}/com'
sysconfdir='${prefix}/etc'
target_alias=''

## ----------- ##
## confdefs.h. ##
## ----------- ##

/* confdefs.h */
#define PACKAGE_NAME ""
#define PACKAGE_TARNAME ""
#define PACKAGE_VERSION ""
#define PACKAGE_STRING ""
#define PACKAGE_BUGREPORT ""
#define PACKAGE_URL ""
#define STDC_HEADERS 1
#define HAVE_SYS_TYPES_H 1
#define HAVE_SYS_STAT_H 1
#define HAVE_STDLIB_H 1
#define HAVE_STRING_H 1
#define HAVE_MEMORY_H 1
#define HAVE_STRINGS_H 1
#define HAVE_INTTYPES_H 1
#define HAVE_STDINT_H 1
#define HAVE_UNISTD_H 1
#define HAVE_DLFCN_H 1
#define LT_OBJDIR ".libs/"
#define PACKAGE "SDL2_net"
#define VERSION "2.0.1"

configure: exit 0
