This file contains any messages produced by compilers while
running configure, to aid debugging if configure makes a mistake.

It was created by configure, which was
generated by GNU Autoconf 2.69.  Invocation command line was

  $ ./configure 

## --------- ##
## Platform. ##
## --------- ##

hostname = raspberrypi
uname -m = armv7l
uname -r = 5.4.51-v7l+
uname -s = Linux
uname -v = #1333 SMP Mon Aug 10 16:51:40 BST 2020

/usr/bin/uname -p = unknown
/bin/uname -X     = unknown

/bin/arch              = unknown
/usr/bin/arch -k       = unknown
/usr/convex/getsysinfo = unknown
/usr/bin/hostinfo      = unknown
/bin/machine           = unknown
/usr/bin/oslevel       = unknown
/bin/universe          = unknown

PATH: /usr/local/sbin
PATH: /usr/local/bin
PATH: /usr/sbin
PATH: /usr/bin
PATH: /sbin
PATH: /bin
PATH: /usr/local/games
PATH: /usr/games


## ----------- ##
## Core tests. ##
## ----------- ##

configure:2557: checking build system type
configure:2571: result: armv7l-unknown-linux-gnueabihf
configure:2591: checking host system type
configure:2604: result: armv7l-unknown-linux-gnueabihf
configure:2675: checking for gcc
configure:2691: found /usr/bin/gcc
configure:2702: result: gcc
configure:2931: checking for C compiler version
configure:2940: gcc --version >&5
gcc (Raspbian 8.3.0-6+rpi1) 8.3.0
Copyright (C) 2018 Free Software Foundation, Inc.
This is free software; see the source for copying conditions.  There is NO
warranty; not even for MERCHANTABILITY or FITNESS FOR A PARTICULAR PURPOSE.

configure:2951: $? = 0
configure:2940: gcc -v >&5
Using built-in specs.
COLLECT_GCC=gcc
COLLECT_LTO_WRAPPER=/usr/lib/gcc/arm-linux-gnueabihf/8/lto-wrapper
Target: arm-linux-gnueabihf
Configured with: ../src/configure -v --with-pkgversion='Raspbian 8.3.0-6+rpi1' --with-bugurl=file:///usr/share/doc/gcc-8/README.Bugs --enable-languages=c,ada,c++,go,d,fortran,objc,obj-c++ --prefix=/usr --with-gcc-major-version-only --program-suffix=-8 --program-prefix=arm-linux-gnueabihf- --enable-shared --enable-linker-build-id --libexecdir=/usr/lib --without-included-gettext --enable-threads=posix --libdir=/usr/lib --enable-nls --enable-bootstrap --enable-clocale=gnu --enable-libstdcxx-debug --enable-libstdcxx-time=yes --with-default-libstdcxx-abi=new --enable-gnu-unique-object --disable-libitm --disable-libquadmath --disable-libquadmath-support --enable-plugin --with-system-zlib --with-target-system-zlib --enable-objc-gc=auto --enable-multiarch --disable-sjlj-exceptions --with-arch=armv6 --with-fpu=vfp --with-float=hard --disable-werror --enable-checking=release --build=arm-linux-gnueabihf --host=arm-linux-gnueabihf --target=arm-linux-gnueabihf
Thread model: posix
gcc version 8.3.0 (Raspbian 8.3.0-6+rpi1) 
configure:2951: $? = 0
configure:2940: gcc -V >&5
gcc: error: unrecognized command line option '-V'
gcc: fatal error: no input files
compilation terminated.
configure:2951: $? = 1
configure:2940: gcc -qversion >&5
gcc: error: unrecognized command line option '-qversion'; did you mean '--version'?
gcc: fatal error: no input files
compilation terminated.
configure:2951: $? = 1
configure:2971: checking whether the C compiler works
configure:2993: gcc    conftest.c  >&5
configure:2997: $? = 0
configure:3045: result: yes
configure:3048: checking for C compiler default output file name
configure:3050: result: a.out
configure:3056: checking for suffix of executables
configure:3063: gcc -o conftest    conftest.c  >&5
configure:3067: $? = 0
configure:3089: result: 
configure:3111: checking whether we are cross compiling
configure:3119: gcc -o conftest    conftest.c  >&5
configure:3123: $? = 0
configure:3130: ./conftest
configure:3134: $? = 0
configure:3122: result: no
configure:3127: checking for suffix of object files
configure:3149: gcc -c   conftest.c >&5
configure:3153: $? = 0
configure:3174: result: o
configure:3178: checking whether we are using the GNU C compiler
configure:3197: gcc -c   conftest.c >&5
configure:3197: $? = 0
configure:3206: result: yes
configure:3215: checking whether gcc accepts -g
configure:3235: gcc -c -g  conftest.c >&5
configure:3235: $? = 0
configure:3276: result: yes
configure:3293: checking for gcc option to accept ISO C89
configure:3356: gcc  -c -g -O2  conftest.c >&5
configure:3356: $? = 0
configure:3369: result: none needed
configure:3394: checking whether gcc understands -c and -o together
configure:3416: gcc -c conftest.c -o conftest2.o
configure:3419: $? = 0
configure:3416: gcc -c conftest.c -o conftest2.o
configure:3419: $? = 0
configure:3431: result: yes
configure:3448: checking for a sed that does not truncate output
configure:3512: result: /bin/sed
configure:3530: checking for grep that handles long lines and -e
configure:3588: result: /bin/grep
configure:3593: checking for egrep
configure:3655: result: /bin/grep -E
configure:3660: checking for fgrep
configure:3722: result: /bin/grep -F
configure:3757: checking for ld used by gcc
configure:3824: result: /usr/bin/ld
configure:3831: checking if the linker (/usr/bin/ld) is GNU ld
configure:3846: result: yes
configure:3858: checking for BSD- or MS-compatible name lister (nm)
configure:3907: result: /usr/bin/nm -B
configure:4025: checking the name lister (/usr/bin/nm -B) interface
configure:4063: gcc -c -g -O2  conftest.c >&5
configure:4066: /usr/bin/nm -B "conftest.o"
configure:4069: output
00000000 B some_variable
configure:4039: result: BSD nm
configure:4042: checking whether ln -s works
configure:4046: result: yes
configure:4054: checking the maximum length of command line arguments
configure:4180: result: 1572864
configure:4197: checking whether the shell understands some XSI constructs
configure:4206: result: yes
configure:4210: checking whether the shell understands "+="
configure:4214: result: yes
configure:4249: checking for /usr/bin/ld option to reload object files
configure:4256: result: -r
configure:4325: checking for objdump
configure:4341: found /usr/bin/objdump
configure:4352: result: objdump
configure:4381: checking how to recognize dependent libraries
configure:4579: result: pass_all
configure:4639: checking for ar
configure:4655: found /usr/bin/ar
configure:4666: result: ar
configure:4744: checking for strip
configure:4760: found /usr/bin/strip
configure:4771: result: strip
configure:4843: checking for ranlib
configure:4859: found /usr/bin/ranlib
configure:4870: result: ranlib
configure:4960: checking command to parse /usr/bin/nm -B output from gcc object
configure:5078: gcc -c -g -O2  conftest.c >&5
configure:5081: $? = 0
configure:5085: /usr/bin/nm -B conftest.o \| sed -n -e 's/^.*[	 ]\([ABCDGIRSTW][ABCDGIRSTW]*\)[	 ][	 ]*\([_A-Za-z][_A-Za-z0-9]*\)$/\1 \2 \2/p' \> conftest.nm
configure:5088: $? = 0
configure:5142: gcc -o conftest -g -O2   conftest.c conftstm.o >&5
configure:5145: $? = 0
configure:5183: result: ok
configure:5995: checking how to run the C preprocessor
configure:6026: gcc -E  conftest.c
configure:6026: $? = 0
configure:6040: gcc -E  conftest.c
conftest.c:9:10: fatal error: ac_nonexistent.h: No such file or directory
 #include <ac_nonexistent.h>
          ^~~~~~~~~~~~~~~~~~
compilation terminated.
configure:6040: $? = 1
configure: failed program was:
| /* confdefs.h */
| #define PACKAGE_NAME ""
| #define PACKAGE_TARNAME ""
| #define PACKAGE_VERSION ""
| #define PACKAGE_STRING ""
| #define PACKAGE_BUGREPORT ""
| #define PACKAGE_URL ""
| /* end confdefs.h.  */
| #include <ac_nonexistent.h>
configure:6065: result: gcc -E
configure:6085: gcc -E  conftest.c
configure:6085: $? = 0
configure:6099: gcc -E  conftest.c
conftest.c:9:10: fatal error: ac_nonexistent.h: No such file or directory
 #include <ac_nonexistent.h>
          ^~~~~~~~~~~~~~~~~~
compilation terminated.
configure:6099: $? = 1
configure: failed program was:
| /* confdefs.h */
| #define PACKAGE_NAME ""
| #define PACKAGE_TARNAME ""
| #define PACKAGE_VERSION ""
| #define PACKAGE_STRING ""
| #define PACKAGE_BUGREPORT ""
| #define PACKAGE_URL ""
| /* end confdefs.h.  */
| #include <ac_nonexistent.h>
configure:6128: checking for ANSI C header files
configure:6148: gcc -c -g -O2  conftest.c >&5
configure:6148: $? = 0
configure:6221: gcc -o conftest -g -O2   conftest.c  >&5
configure:6221: $? = 0
configure:6221: ./conftest
configure:6221: $? = 0
configure:6232: result: yes
configure:6245: checking for sys/types.h
configure:6245: gcc -c -g -O2  conftest.c >&5
configure:6245: $? = 0
configure:6245: result: yes
configure:6245: checking for sys/stat.h
configure:6245: gcc -c -g -O2  conftest.c >&5
configure:6245: $? = 0
configure:6245: result: yes
configure:6245: checking for stdlib.h
configure:6245: gcc -c -g -O2  conftest.c >&5
configure:6245: $? = 0
configure:6245: result: yes
configure:6245: checking for string.h
configure:6245: gcc -c -g -O2  conftest.c >&5
configure:6245: $? = 0
configure:6245: result: yes
configure:6245: checking for memory.h
configure:6245: gcc -c -g -O2  conftest.c >&5
configure:6245: $? = 0
configure:6245: result: yes
configure:6245: checking for strings.h
configure:6245: gcc -c -g -O2  conftest.c >&5
configure:6245: $? = 0
configure:6245: result: yes
configure:6245: checking for inttypes.h
configure:6245: gcc -c -g -O2  conftest.c >&5
configure:6245: $? = 0
configure:6245: result: yes
configure:6245: checking for stdint.h
configure:6245: gcc -c -g -O2  conftest.c >&5
configure:6245: $? = 0
configure:6245: result: yes
configure:6245: checking for unistd.h
configure:6245: gcc -c -g -O2  conftest.c >&5
configure:6245: $? = 0
configure:6245: result: yes
configure:6259: checking for dlfcn.h
configure:6259: gcc -c -g -O2  conftest.c >&5
configure:6259: $? = 0
configure:6259: result: yes
configure:6741: checking for objdir
configure:6756: result: .libs
configure:7052: checking if gcc supports -fno-rtti -fno-exceptions
configure:7110: gcc -c -g -O2  -fno-rtti -fno-exceptions conftest.c >&5
cc1: warning: command line option '-fno-rtti' is valid for C++/ObjC++ but not for C
configure:7114: $? = 0
configure:7087: result: no
configure:7107: checking for gcc option to produce PIC
configure:7379: result: -fPIC -DPIC
configure:7391: checking if gcc PIC flag -fPIC -DPIC works
configure:7449: gcc -c -g -O2  -fPIC -DPIC -DPIC conftest.c >&5
configure:7453: $? = 0
configure:7426: result: yes
configure:7450: checking if gcc static flag -static works
configure:7478: result: yes
configure:7493: checking if gcc supports -c -o file.o
configure:7554: gcc -c -g -O2  -o out/conftest2.o conftest.c >&5
configure:7558: $? = 0
configure:7540: result: yes
configure:7548: checking if gcc supports -c -o file.o
configure:7595: result: yes
configure:7628: checking whether the gcc linker (/usr/bin/ld) supports shared libraries
configure:8614: result: yes
configure:8651: checking whether -lc should be explicitly linked in
configure:8656: gcc -c -g -O2  conftest.c >&5
configure:8659: $? = 0
configure:8674: gcc -shared conftest.o  -v -Wl,-soname -Wl,conftest -o conftest 2\>\&1 \| /bin/grep  -lc  \>/dev/null 2\>\&1
configure:8677: $? = 0
configure:8689: result: no
configure:8853: checking dynamic linker characteristics
configure:9288: gcc -o conftest -g -O2   -Wl,-rpath -Wl,/foo conftest.c  >&5
configure:9288: $? = 0
configure:9506: result: GNU/Linux ld.so
configure:9608: checking how to hardcode library paths into programs
configure:9633: result: immediate
configure:10153: checking whether stripping libraries is possible
configure:10158: result: yes
configure:10193: checking if libtool supports shared libraries
configure:10195: result: yes
configure:10198: checking whether to build shared libraries
configure:10219: result: yes
configure:10222: checking whether to build static libraries
configure:10226: result: yes
configure:7573: checking for a BSD-compatible install
configure:7641: result: /usr/bin/install -c
configure:7652: checking whether build environment is sane
configure:7707: result: yes
configure:7853: checking for a thread-safe mkdir -p
configure:7892: result: /bin/mkdir -p
configure:7899: checking for gawk
configure:7929: result: no
configure:7899: checking for mawk
configure:7915: found /usr/bin/mawk
configure:7926: result: mawk
configure:7937: checking whether make sets $(MAKE)
configure:7959: result: yes
configure:7981: checking whether make supports the include directive
configure:7996: make -f confmf.GNU && cat confinc.out
this is the am__doit target
configure:7999: $? = 0
configure:8018: result: yes (GNU style)
configure:8051: checking whether make supports nested variables
configure:8068: result: yes
configure:8154: checking dependency style of gcc
configure:8265: result: gcc3
configure:8373: checking for gcc
configure:8400: result: gcc
configure:8629: checking for C compiler version
configure:8638: gcc --version >&5
gcc (Raspbian 8.3.0-6+rpi1) 8.3.0
Copyright (C) 2018 Free Software Foundation, Inc.
This is free software; see the source for copying conditions.  There is NO
warranty; not even for MERCHANTABILITY or FITNESS FOR A PARTICULAR PURPOSE.

configure:8649: $? = 0
configure:8638: gcc -v >&5
Using built-in specs.
COLLECT_GCC=gcc
COLLECT_LTO_WRAPPER=/usr/lib/gcc/arm-linux-gnueabihf/8/lto-wrapper
Target: arm-linux-gnueabihf
Configured with: ../src/configure -v --with-pkgversion='Raspbian 8.3.0-6+rpi1' --with-bugurl=file:///usr/share/doc/gcc-8/README.Bugs --enable-languages=c,ada,c++,go,d,fortran,objc,obj-c++ --prefix=/usr --with-gcc-major-version-only --program-suffix=-8 --program-prefix=arm-linux-gnueabihf- --enable-shared --enable-linker-build-id --libexecdir=/usr/lib --without-included-gettext --enable-threads=posix --libdir=/usr/lib --enable-nls --enable-bootstrap --enable-clocale=gnu --enable-libstdcxx-debug --enable-libstdcxx-time=yes --with-default-libstdcxx-abi=new --enable-gnu-unique-object --disable-libitm --disable-libquadmath --disable-libquadmath-support --enable-plugin --with-system-zlib --with-target-system-zlib --enable-objc-gc=auto --enable-multiarch --disable-sjlj-exceptions --with-arch=armv6 --with-fpu=vfp --with-float=hard --disable-werror --enable-checking=release --build=arm-linux-gnueabihf --host=arm-linux-gnueabihf --target=arm-linux-gnueabihf
Thread model: posix
gcc version 8.3.0 (Raspbian 8.3.0-6+rpi1) 
configure:8649: $? = 0
configure:8638: gcc -V >&5
gcc: error: unrecognized command line option '-V'
gcc: fatal error: no input files
compilation terminated.
configure:8649: $? = 1
configure:8638: gcc -qversion >&5
gcc: error: unrecognized command line option '-qversion'; did you mean '--version'?
gcc: fatal error: no input files
compilation terminated.
configure:8649: $? = 1
configure:8653: checking whether we are using the GNU C compiler
configure:8681: result: yes
configure:8690: checking whether gcc accepts -g
configure:8751: result: yes
configure:8768: checking for gcc option to accept ISO C89
configure:8844: result: none needed
configure:8869: checking whether gcc understands -c and -o together
configure:8906: result: yes
configure:8977: checking for gcc
configure:8993: found /usr/bin/gcc
configure:9004: result: gcc
configure:9029: checking for Objective C compiler version
configure:9038: gcc --version >&5
gcc (Raspbian 8.3.0-6+rpi1) 8.3.0
Copyright (C) 2018 Free Software Foundation, Inc.
This is free software; see the source for copying conditions.  There is NO
warranty; not even for MERCHANTABILITY or FITNESS FOR A PARTICULAR PURPOSE.

configure:9049: $? = 0
configure:9038: gcc -v >&5
Using built-in specs.
COLLECT_GCC=gcc
COLLECT_LTO_WRAPPER=/usr/lib/gcc/arm-linux-gnueabihf/8/lto-wrapper
Target: arm-linux-gnueabihf
Configured with: ../src/configure -v --with-pkgversion='Raspbian 8.3.0-6+rpi1' --with-bugurl=file:///usr/share/doc/gcc-8/README.Bugs --enable-languages=c,ada,c++,go,d,fortran,objc,obj-c++ --prefix=/usr --with-gcc-major-version-only --program-suffix=-8 --program-prefix=arm-linux-gnueabihf- --enable-shared --enable-linker-build-id --libexecdir=/usr/lib --without-included-gettext --enable-threads=posix --libdir=/usr/lib --enable-nls --enable-bootstrap --enable-clocale=gnu --enable-libstdcxx-debug --enable-libstdcxx-time=yes --with-default-libstdcxx-abi=new --enable-gnu-unique-object --disable-libitm --disable-libquadmath --disable-libquadmath-support --enable-plugin --with-system-zlib --with-target-system-zlib --enable-objc-gc=auto --enable-multiarch --disable-sjlj-exceptions --with-arch=armv6 --with-fpu=vfp --with-float=hard --disable-werror --enable-checking=release --build=arm-linux-gnueabihf --host=arm-linux-gnueabihf --target=arm-linux-gnueabihf
Thread model: posix
gcc version 8.3.0 (Raspbian 8.3.0-6+rpi1) 
configure:9049: $? = 0
configure:9038: gcc -V >&5
gcc: error: unrecognized command line option '-V'
gcc: fatal error: no input files
compilation terminated.
configure:9049: $? = 1
configure:9038: gcc -qversion >&5
gcc: error: unrecognized command line option '-qversion'; did you mean '--version'?
gcc: fatal error: no input files
compilation terminated.
configure:9049: $? = 1
configure:9053: checking whether we are using the GNU Objective C compiler
configure:9072: gcc -c   conftest.m >&5
gcc: error trying to exec 'cc1obj': execvp: No such file or directory
configure:9072: $? = 1
configure: failed program was:
| /* confdefs.h */
| #define PACKAGE_NAME ""
| #define PACKAGE_TARNAME ""
| #define PACKAGE_VERSION ""
| #define PACKAGE_STRING ""
| #define PACKAGE_BUGREPORT ""
| #define PACKAGE_URL ""
| #define STDC_HEADERS 1
| #define HAVE_SYS_TYPES_H 1
| #define HAVE_SYS_STAT_H 1
| #define HAVE_STDLIB_H 1
| #define HAVE_STRING_H 1
| #define HAVE_MEMORY_H 1
| #define HAVE_STRINGS_H 1
| #define HAVE_INTTYPES_H 1
| #define HAVE_STDINT_H 1
| #define HAVE_UNISTD_H 1
| #define HAVE_DLFCN_H 1
| #define LT_OBJDIR ".libs/"
| #define PACKAGE "SDL2_image"
| #define VERSION "2.0.5"
| /* end confdefs.h.  */
| 
| int
| main ()
| {
| #ifndef __GNUC__
|        choke me
| #endif
| 
|   ;
|   return 0;
| }
configure:9081: result: no
configure:9090: checking whether gcc accepts -g
configure:9110: gcc -c -g  conftest.m >&5
gcc: error trying to exec 'cc1obj': execvp: No such file or directory
configure:9110: $? = 1
configure: failed program was:
| /* confdefs.h */
| #define PACKAGE_NAME ""
| #define PACKAGE_TARNAME ""
| #define PACKAGE_VERSION ""
| #define PACKAGE_STRING ""
| #define PACKAGE_BUGREPORT ""
| #define PACKAGE_URL ""
| #define STDC_HEADERS 1
| #define HAVE_SYS_TYPES_H 1
| #define HAVE_SYS_STAT_H 1
| #define HAVE_STDLIB_H 1
| #define HAVE_STRING_H 1
| #define HAVE_MEMORY_H 1
| #define HAVE_STRINGS_H 1
| #define HAVE_INTTYPES_H 1
| #define HAVE_STDINT_H 1
| #define HAVE_UNISTD_H 1
| #define HAVE_DLFCN_H 1
| #define LT_OBJDIR ".libs/"
| #define PACKAGE "SDL2_image"
| #define VERSION "2.0.5"
| /* end confdefs.h.  */
| 
| int
| main ()
| {
| 
|   ;
|   return 0;
| }
configure:9125: gcc -c   conftest.m >&5
gcc: error trying to exec 'cc1obj': execvp: No such file or directory
configure:9125: $? = 1
configure: failed program was:
| /* confdefs.h */
| #define PACKAGE_NAME ""
| #define PACKAGE_TARNAME ""
| #define PACKAGE_VERSION ""
| #define PACKAGE_STRING ""
| #define PACKAGE_BUGREPORT ""
| #define PACKAGE_URL ""
| #define STDC_HEADERS 1
| #define HAVE_SYS_TYPES_H 1
| #define HAVE_SYS_STAT_H 1
| #define HAVE_STDLIB_H 1
| #define HAVE_STRING_H 1
| #define HAVE_MEMORY_H 1
| #define HAVE_STRINGS_H 1
| #define HAVE_INTTYPES_H 1
| #define HAVE_STDINT_H 1
| #define HAVE_UNISTD_H 1
| #define HAVE_DLFCN_H 1
| #define LT_OBJDIR ".libs/"
| #define PACKAGE "SDL2_image"
| #define VERSION "2.0.5"
| /* end confdefs.h.  */
| 
| int
| main ()
| {
| 
|   ;
|   return 0;
| }
configure:9141: gcc -c -g  conftest.m >&5
gcc: error trying to exec 'cc1obj': execvp: No such file or directory
configure:9141: $? = 1
configure: failed program was:
| /* confdefs.h */
| #define PACKAGE_NAME ""
| #define PACKAGE_TARNAME ""
| #define PACKAGE_VERSION ""
| #define PACKAGE_STRING ""
| #define PACKAGE_BUGREPORT ""
| #define PACKAGE_URL ""
| #define STDC_HEADERS 1
| #define HAVE_SYS_TYPES_H 1
| #define HAVE_SYS_STAT_H 1
| #define HAVE_STDLIB_H 1
| #define HAVE_STRING_H 1
| #define HAVE_MEMORY_H 1
| #define HAVE_STRINGS_H 1
| #define HAVE_INTTYPES_H 1
| #define HAVE_STDINT_H 1
| #define HAVE_UNISTD_H 1
| #define HAVE_DLFCN_H 1
| #define LT_OBJDIR ".libs/"
| #define PACKAGE "SDL2_image"
| #define VERSION "2.0.5"
| /* end confdefs.h.  */
| 
| int
| main ()
| {
| 
|   ;
|   return 0;
| }
configure:9151: result: no
configure:9176: checking dependency style of gcc
configure:9285: result: gcc3
configure:9300: checking for inline
configure:9316: gcc -c -g -O2  conftest.c >&5
configure:9316: $? = 0
configure:9324: result: inline
configure:9343: checking whether make sets $(MAKE)
configure:9365: result: yes
configure:9383: checking for windres
configure:9413: result: no
configure:9383: checking for linux-gnueabihf-windres
configure:9413: result: no
configure:9548: checking for pkg-config
configure:9566: found /usr/bin/pkg-config
configure:9578: result: /usr/bin/pkg-config
configure:9603: checking pkg-config is at least version 0.9.0
configure:9606: result: yes
configure:9644: checking for SDL
configure:9652: $PKG_CONFIG --exists --print-errors "sdl2 >= $min_sdl_version"
configure:9655: $? = 0
configure:9670: $PKG_CONFIG --exists --print-errors "sdl2 >= $min_sdl_version"
configure:9673: $? = 0
configure:9709: result: yes
configure:10088: checking jpeglib.h usability
configure:10088: gcc -c -g -O2 -D_REENTRANT -I/usr/local/include/SDL2  conftest.c >&5
configure:10088: $? = 0
configure:10088: result: yes
configure:10088: checking jpeglib.h presence
configure:10088: gcc -E  conftest.c
configure:10088: $? = 0
configure:10088: result: yes
configure:10088: checking for jpeglib.h
configure:10088: result: yes
configure:10094: checking for jpeg_CreateDecompress in -ljpeg
configure:10119: gcc -o conftest -g -O2 -D_REENTRANT -I/usr/local/include/SDL2   conftest.c -ljpeg   -L/usr/local/lib -Wl,-rpath,/usr/local/lib -Wl,--enable-new-dtags -lSDL2 >&5
configure:10119: $? = 0
configure:10128: result: yes
configure:10166: checking for LIBPNG
configure:10174: $PKG_CONFIG --exists --print-errors "libpng"
configure:10177: $? = 0
configure:10192: $PKG_CONFIG --exists --print-errors "libpng"
configure:10195: $? = 0
configure:10335: result: yes
configure:10368: checking tiffio.h usability
configure:10368: gcc -c -g -O2 -D_REENTRANT -I/usr/local/include/SDL2  conftest.c >&5
configure:10368: $? = 0
configure:10368: result: yes
configure:10368: checking tiffio.h presence
configure:10368: gcc -E  conftest.c
configure:10368: $? = 0
configure:10368: result: yes
configure:10368: checking for tiffio.h
configure:10368: result: yes
configure:10374: checking for TIFFClientOpen in -ltiff
configure:10399: gcc -o conftest -g -O2 -D_REENTRANT -I/usr/local/include/SDL2   conftest.c -ltiff -lz -ljpeg  -L/usr/local/lib -Wl,-rpath,/usr/local/lib -Wl,--enable-new-dtags -lSDL2 >&5
configure:10399: $? = 0
configure:10408: result: yes
configure:10443: checking for LIBWEBP
configure:10451: $PKG_CONFIG --exists --print-errors "libwebp"
configure:10454: $? = 0
configure:10469: $PKG_CONFIG --exists --print-errors "libwebp"
configure:10472: $? = 0
configure:10612: result: yes
configure:10893: checking that generated files are newer than configure
configure:10899: result: done
configure:10934: creating ./config.status

## ---------------------- ##
## Running config.status. ##
## ---------------------- ##

This file was extended by config.status, which was
generated by GNU Autoconf 2.69.  Invocation command line was

  CONFIG_FILES    = 
  CONFIG_HEADERS  = 
  CONFIG_LINKS    = 
  CONFIG_COMMANDS = 
  $ ./config.status 

on raspberrypi

config.status:1021: creating Makefile
config.status:1021: creating SDL2_image.spec
config.status:1021: creating SDL2_image.pc
config.status:1193: executing libtool commands
config.status:1193: executing depfiles commands
config.status:1911: cd .       && sed -e '/# am--include-marker/d' Makefile         | make -f - am--depfiles
config.status:1916: $? = 0

## ---------------- ##
## Cache variables. ##
## ---------------- ##

ac_cv_build=armv7l-unknown-linux-gnueabihf
ac_cv_c_compiler_gnu=yes
ac_cv_c_inline=inline
ac_cv_env_CC_set=
ac_cv_env_CC_value=
ac_cv_env_CFLAGS_set=
ac_cv_env_CFLAGS_value=
ac_cv_env_CPPFLAGS_set=
ac_cv_env_CPPFLAGS_value=
ac_cv_env_CPP_set=
ac_cv_env_CPP_value=
ac_cv_env_LDFLAGS_set=
ac_cv_env_LDFLAGS_value=
ac_cv_env_LIBPNG_CFLAGS_set=
ac_cv_env_LIBPNG_CFLAGS_value=
ac_cv_env_LIBPNG_LIBS_set=
ac_cv_env_LIBPNG_LIBS_value=
ac_cv_env_LIBS_set=
ac_cv_env_LIBS_value=
ac_cv_env_LIBWEBP_CFLAGS_set=
ac_cv_env_LIBWEBP_CFLAGS_value=
ac_cv_env_LIBWEBP_LIBS_set=
ac_cv_env_LIBWEBP_LIBS_value=
ac_cv_env_OBJCFLAGS_set=
ac_cv_env_OBJCFLAGS_value=
ac_cv_env_OBJC_set=
ac_cv_env_OBJC_value=
ac_cv_env_PKG_CONFIG_set=
ac_cv_env_PKG_CONFIG_value=
ac_cv_env_SDL_CFLAGS_set=
ac_cv_env_SDL_CFLAGS_value=
ac_cv_env_SDL_LIBS_set=
ac_cv_env_SDL_LIBS_value=
ac_cv_env_build_alias_set=
ac_cv_env_build_alias_value=
ac_cv_env_host_alias_set=
ac_cv_env_host_alias_value=
ac_cv_env_target_alias_set=
ac_cv_env_target_alias_value=
ac_cv_header_dlfcn_h=yes
ac_cv_header_inttypes_h=yes
ac_cv_header_jpeglib_h=yes
ac_cv_header_memory_h=yes
ac_cv_header_stdc=yes
ac_cv_header_stdint_h=yes
ac_cv_header_stdlib_h=yes
ac_cv_header_string_h=yes
ac_cv_header_strings_h=yes
ac_cv_header_sys_stat_h=yes
ac_cv_header_sys_types_h=yes
ac_cv_header_tiffio_h=yes
ac_cv_header_unistd_h=yes
ac_cv_host=armv7l-unknown-linux-gnueabihf
ac_cv_lib_jpeg_jpeg_CreateDecompress=yes
ac_cv_lib_tiff_TIFFClientOpen=yes
ac_cv_objc_compiler_gnu=no
ac_cv_objext=o
ac_cv_path_EGREP='/bin/grep -E'
ac_cv_path_FGREP='/bin/grep -F'
ac_cv_path_GREP=/bin/grep
ac_cv_path_SED=/bin/sed
ac_cv_path_ac_pt_PKG_CONFIG=/usr/bin/pkg-config
ac_cv_path_install='/usr/bin/install -c'
ac_cv_path_mkdir=/bin/mkdir
ac_cv_prog_AWK=mawk
ac_cv_prog_CPP='gcc -E'
ac_cv_prog_ac_ct_AR=ar
ac_cv_prog_ac_ct_CC=gcc
ac_cv_prog_ac_ct_OBJC=gcc
ac_cv_prog_ac_ct_OBJDUMP=objdump
ac_cv_prog_ac_ct_RANLIB=ranlib
ac_cv_prog_ac_ct_STRIP=strip
ac_cv_prog_cc_c89=
ac_cv_prog_cc_g=yes
ac_cv_prog_make_make_set=yes
ac_cv_prog_objc_g=no
am_cv_CC_dependencies_compiler_type=gcc3
am_cv_OBJC_dependencies_compiler_type=gcc3
am_cv_make_support_nested_variables=yes
am_cv_prog_cc_c_o=yes
lt_cv_deplibs_check_method=pass_all
lt_cv_file_magic_cmd='$MAGIC_CMD'
lt_cv_file_magic_test_file=
lt_cv_ld_reload_flag=-r
lt_cv_nm_interface='BSD nm'
lt_cv_objdir=.libs
lt_cv_path_LD=/usr/bin/ld
lt_cv_path_NM='/usr/bin/nm -B'
lt_cv_prog_compiler_c_o=yes
lt_cv_prog_compiler_pic_works=yes
lt_cv_prog_compiler_rtti_exceptions=no
lt_cv_prog_compiler_static_works=yes
lt_cv_prog_gnu_ld=yes
lt_cv_sys_global_symbol_pipe='sed -n -e '\''s/^.*[	 ]\([ABCDGIRSTW][ABCDGIRSTW]*\)[	 ][	 ]*\([_A-Za-z][_A-Za-z0-9]*\)$/\1 \2 \2/p'\'''
lt_cv_sys_global_symbol_to_c_name_address='sed -n -e '\''s/^: \([^ ]*\) $/  {\"\1\", (void *) 0},/p'\'' -e '\''s/^[ABCDGIRSTW]* \([^ ]*\) \([^ ]*\)$/  {"\2", (void *) \&\2},/p'\'''
lt_cv_sys_global_symbol_to_c_name_address_lib_prefix='sed -n -e '\''s/^: \([^ ]*\) $/  {\"\1\", (void *) 0},/p'\'' -e '\''s/^[ABCDGIRSTW]* \([^ ]*\) \(lib[^ ]*\)$/  {"\2", (void *) \&\2},/p'\'' -e '\''s/^[ABCDGIRSTW]* \([^ ]*\) \([^ ]*\)$/  {"lib\2", (void *) \&\2},/p'\'''
lt_cv_sys_global_symbol_to_cdecl='sed -n -e '\''s/^T .* \(.*\)$/extern int \1();/p'\'' -e '\''s/^[ABCDGIRSTW]* .* \(.*\)$/extern char \1;/p'\'''
lt_cv_sys_max_cmd_len=1572864
pkg_cv_LIBPNG_CFLAGS=-I/usr/include/libpng16
pkg_cv_LIBPNG_LIBS='-lpng16 -lz'
pkg_cv_LIBWEBP_CFLAGS=
pkg_cv_LIBWEBP_LIBS=-lwebp
pkg_cv_SDL_CFLAGS='-D_REENTRANT -I/usr/local/include/SDL2'
pkg_cv_SDL_LIBS='-L/usr/local/lib -Wl,-rpath,/usr/local/lib -Wl,--enable-new-dtags -lSDL2'

## ----------------- ##
## Output variables. ##
## ----------------- ##

ACLOCAL='${SHELL} /home/pi/SDL2/SDL2_image-2.0.5/missing aclocal-1.16'
AMDEPBACKSLASH='\'
AMDEP_FALSE='#'
AMDEP_TRUE=''
AMTAR='$${TAR-tar}'
AM_BACKSLASH='\'
AM_DEFAULT_V='$(AM_DEFAULT_VERBOSITY)'
AM_DEFAULT_VERBOSITY='1'
AM_V='$(V)'
AR='ar'
AS='as'
AUTOCONF='${SHELL} /home/pi/SDL2/SDL2_image-2.0.5/missing autoconf'
AUTOHEADER='${SHELL} /home/pi/SDL2/SDL2_image-2.0.5/missing autoheader'
AUTOMAKE='${SHELL} /home/pi/SDL2/SDL2_image-2.0.5/missing automake-1.16'
AWK='mawk'
BINARY_AGE='5'
CC='gcc'
CCDEPMODE='depmode=gcc3'
CFLAGS='-I/usr/include/libpng16  -g -O2 -D_REENTRANT -I/usr/local/include/SDL2'
CPP='gcc -E'
CPPFLAGS=''
CYGPATH_W='echo'
DEFS='-DPACKAGE_NAME=\"\" -DPACKAGE_TARNAME=\"\" -DPACKAGE_VERSION=\"\" -DPACKAGE_STRING=\"\" -DPACKAGE_BUGREPORT=\"\" -DPACKAGE_URL=\"\" -DSTDC_HEADERS=1 -DHAVE_SYS_TYPES_H=1 -DHAVE_SYS_STAT_H=1 -DHAVE_STDLIB_H=1 -DHAVE_STRING_H=1 -DHAVE_MEMORY_H=1 -DHAVE_STRINGS_H=1 -DHAVE_INTTYPES_H=1 -DHAVE_STDINT_H=1 -DHAVE_UNISTD_H=1 -DHAVE_DLFCN_H=1 -DLT_OBJDIR=\".libs/\" -DPACKAGE=\"SDL2_image\" -DVERSION=\"2.0.5\" -DLOAD_JPG=1 -DLOAD_PNG=1 -DLOAD_TIF=1 -DLOAD_WEBP=1 -DLOAD_BMP=1 -DLOAD_GIF=1 -DLOAD_LBM=1 -DLOAD_PCX=1 -DLOAD_PNM=1 -DLOAD_SVG=1 -DLOAD_TGA=1 -DLOAD_XCF=1 -DLOAD_XPM=1 -DLOAD_XV=1 -DLOAD_WEBP_DYNAMIC=\"libwebp.so.6\" -DLOAD_TIF_DYNAMIC=\"libtiff.so.5\" -DLOAD_JPG_DYNAMIC=\"libjpeg.so.62\" -DLOAD_PNG_DYNAMIC=\"libpng16.so.16\"'
DEPDIR='.deps'
DLLTOOL='dlltool'
DSYMUTIL=''
DUMPBIN=''
ECHO_C=''
ECHO_N='-n'
ECHO_T=''
EGREP='/bin/grep -E'
EXEEXT=''
FGREP='/bin/grep -F'
GREP='/bin/grep'
IMG_LIBS=''
INSTALL_DATA='${INSTALL} -m 644'
INSTALL_PROGRAM='${INSTALL}'
INSTALL_SCRIPT='${INSTALL}'
INSTALL_STRIP_PROGRAM='$(install_sh) -c -s'
INTERFACE_AGE='3'
LD='/usr/bin/ld'
LDFLAGS=''
LIBOBJS=''
LIBPNG_CFLAGS='-I/usr/include/libpng16'
LIBPNG_LIBS='-lpng16 -lz'
LIBS=' -L/usr/local/lib -Wl,-rpath,/usr/local/lib -Wl,--enable-new-dtags -lSDL2'
LIBTOOL='$(SHELL) $(top_builddir)/libtool'
LIBWEBP_CFLAGS=''
LIBWEBP_LIBS='-lwebp'
LIPO=''
LN_S='ln -s'
LTLIBOBJS=''
LT_AGE='2'
LT_CURRENT='2'
LT_RELEASE='2.0'
LT_REVISION='3'
MAJOR_VERSION='2'
MAKEINFO='${SHELL} /home/pi/SDL2/SDL2_image-2.0.5/missing makeinfo'
MICRO_VERSION='5'
MINOR_VERSION='0'
MKDIR_P='/bin/mkdir -p'
NM='/usr/bin/nm -B'
NMEDIT=''
OBJC='gcc'
OBJCDEPMODE='depmode=gcc3'
OBJCFLAGS='-I/usr/include/libpng16  -g -O2 -D_REENTRANT -I/usr/local/include/SDL2'
OBJDUMP='objdump'
OBJEXT='o'
OTOOL64=''
OTOOL=''
PACKAGE='SDL2_image'
PACKAGE_BUGREPORT=''
PACKAGE_NAME=''
PACKAGE_STRING=''
PACKAGE_TARNAME=''
PACKAGE_URL=''
PACKAGE_VERSION=''
PATH_SEPARATOR=':'
PKG_CONFIG='/usr/bin/pkg-config'
RANLIB='ranlib'
SDL2_CONFIG='pkg-config sdl2'
SDL_CFLAGS='-D_REENTRANT -I/usr/local/include/SDL2'
SDL_LIBS='-L/usr/local/lib -Wl,-rpath,/usr/local/lib -Wl,--enable-new-dtags -lSDL2'
SDL_VERSION='2.0.8'
SED='/bin/sed'
SET_MAKE=''
SHELL='/bin/bash'
STRIP='strip'
USE_IMAGEIO_FALSE=''
USE_IMAGEIO_TRUE='#'
USE_VERSION_RC_FALSE=''
USE_VERSION_RC_TRUE='#'
VERSION='2.0.5'
WINDRES=''
ac_ct_CC='gcc'
ac_ct_DUMPBIN=''
ac_ct_OBJC='gcc'
am__EXEEXT_FALSE=''
am__EXEEXT_TRUE='#'
am__fastdepCC_FALSE='#'
am__fastdepCC_TRUE=''
am__fastdepOBJC_FALSE='#'
am__fastdepOBJC_TRUE=''
am__include='include'
am__isrc=''
am__leading_dot='.'
am__nodep='_no'
am__quote=''
am__tar='$${TAR-tar} chof - "$$tardir"'
am__untar='$${TAR-tar} xf -'
bindir='${exec_prefix}/bin'
build='armv7l-unknown-linux-gnueabihf'
build_alias=''
build_cpu='armv7l'
build_os='linux-gnueabihf'
build_vendor='unknown'
datadir='${datarootdir}'
datarootdir='${prefix}/share'
docdir='${datarootdir}/doc/${PACKAGE}'
dvidir='${docdir}'
exec_prefix='${prefix}'
host='armv7l-unknown-linux-gnueabihf'
host_alias=''
host_cpu='armv7l'
host_os='linux-gnueabihf'
host_vendor='unknown'
htmldir='${docdir}'
includedir='${prefix}/include'
infodir='${datarootdir}/info'
install_sh='${SHELL} /home/pi/SDL2/SDL2_image-2.0.5/install-sh'
libdir='${exec_prefix}/lib'
libexecdir='${exec_prefix}/libexec'
localedir='${datarootdir}/locale'
localstatedir='${prefix}/var'
lt_ECHO='echo'
mandir='${datarootdir}/man'
mkdir_p='$(MKDIR_P)'
oldincludedir='/usr/include'
pdfdir='${docdir}'
prefix='/usr/local'
program_transform_name='s,x,x,'
psdir='${docdir}'
runstatedir='${localstatedir}/run'
sbindir='${exec_prefix}/sbin'
sharedstatedir='${prefix}/com'
sysconfdir='${prefix}/etc'
target_alias=''

## ----------- ##
## confdefs.h. ##
## ----------- ##

/* confdefs.h */
#define PACKAGE_NAME ""
#define PACKAGE_TARNAME ""
#define PACKAGE_VERSION ""
#define PACKAGE_STRING ""
#define PACKAGE_BUGREPORT ""
#define PACKAGE_URL ""
#define STDC_HEADERS 1
#define HAVE_SYS_TYPES_H 1
#define HAVE_SYS_STAT_H 1
#define HAVE_STDLIB_H 1
#define HAVE_STRING_H 1
#define HAVE_MEMORY_H 1
#define HAVE_STRINGS_H 1
#define HAVE_INTTYPES_H 1
#define HAVE_STDINT_H 1
#define HAVE_UNISTD_H 1
#define HAVE_DLFCN_H 1
#define LT_OBJDIR ".libs/"
#define PACKAGE "SDL2_image"
#define VERSION "2.0.5"
#define LOAD_JPG 1
#define LOAD_PNG 1
#define LOAD_TIF 1
#define LOAD_WEBP 1
#define LOAD_BMP 1
#define LOAD_GIF 1
#define LOAD_LBM 1
#define LOAD_PCX 1
#define LOAD_PNM 1
#define LOAD_SVG 1
#define LOAD_TGA 1
#define LOAD_XCF 1
#define LOAD_XPM 1
#define LOAD_XV 1
#define LOAD_WEBP_DYNAMIC "libwebp.so.6"
#define LOAD_TIF_DYNAMIC "libtiff.so.5"
#define LOAD_JPG_DYNAMIC "libjpeg.so.62"
#define LOAD_PNG_DYNAMIC "libpng16.so.16"

configure: exit 0
